<?xml version="1.0" encoding="UTF-8"?>
<testsuites name="jest tests" tests="128" failures="23" errors="0" time="3.325">
  <testsuite name="MultimodalProcessor" errors="0" failures="1" skipped="0" timestamp="2026-02-05T14:05:35" time="0.633" tests="33">
    <testcase classname="MultimodalProcessor › Audio Processing › validateAudioFile" name="deve aceitar formato MP3" time="0.003">
    </testcase>
    <testcase classname="MultimodalProcessor › Audio Processing › validateAudioFile" name="deve aceitar formato WAV" time="0.001">
    </testcase>
    <testcase classname="MultimodalProcessor › Audio Processing › validateAudioFile" name="deve rejeitar formato inválido" time="0.001">
    </testcase>
    <testcase classname="MultimodalProcessor › Audio Processing › validateAudioFile" name="deve rejeitar arquivo muito grande" time="0.002">
    </testcase>
    <testcase classname="MultimodalProcessor › Audio Processing › processAudio" name="deve processar áudio válido" time="0.023">
    </testcase>
    <testcase classname="MultimodalProcessor › Audio Processing › processAudio" name="deve rejeitar formato não suportado" time="0.017">
    </testcase>
    <testcase classname="MultimodalProcessor › Audio Processing › processAudio" name="deve rejeitar arquivo muito grande" time="0.003">
    </testcase>
    <testcase classname="MultimodalProcessor › Audio Processing › estimateAudioDuration" name="deve estimar duração do áudio" time="0.001">
    </testcase>
    <testcase classname="MultimodalProcessor › Image Processing › validateImageFile" name="deve aceitar formato PNG" time="0.001">
    </testcase>
    <testcase classname="MultimodalProcessor › Image Processing › validateImageFile" name="deve aceitar formato JPG" time="0.001">
    </testcase>
    <testcase classname="MultimodalProcessor › Image Processing › validateImageFile" name="deve rejeitar formato inválido" time="0.001">
    </testcase>
    <testcase classname="MultimodalProcessor › Image Processing › validateImageFile" name="deve rejeitar arquivo muito grande" time="0.001">
    </testcase>
    <testcase classname="MultimodalProcessor › Image Processing › processImage" name="deve processar imagem válida" time="0.002">
    </testcase>
    <testcase classname="MultimodalProcessor › Image Processing › processImage" name="deve rejeitar formato não suportado" time="0.002">
    </testcase>
    <testcase classname="MultimodalProcessor › Image Processing › extractTextFromImage" name="deve extrair texto da imagem" time="0.003">
    </testcase>
    <testcase classname="MultimodalProcessor › Image Processing › extractTextFromImage" name="deve retornar sucesso false quando nenhum texto é encontrado" time="0.003">
    </testcase>
    <testcase classname="MultimodalProcessor › Image Processing › describeImage" name="deve descrever imagem" time="0.003">
    </testcase>
    <testcase classname="MultimodalProcessor › Image Processing › detectCodeInImage" name="deve detectar código em imagem" time="0.004">
    </testcase>
    <testcase classname="MultimodalProcessor › Image Processing › detectCodeInImage" name="deve identificar linguagem JavaScript" time="0.003">
    </testcase>
    <testcase classname="MultimodalProcessor › Image Processing › detectCodeInImage" name="deve identificar linguagem Python" time="0.003">
    </testcase>
    <testcase classname="MultimodalProcessor › Image Processing › detectCodeInImage" name="deve identificar linguagem SQL" time="0.012">
    </testcase>
    <testcase classname="MultimodalProcessor › Image Processing › detectProgrammingLanguage" name="deve detectar JavaScript" time="0.001">
    </testcase>
    <testcase classname="MultimodalProcessor › Image Processing › detectProgrammingLanguage" name="deve detectar Python" time="0.002">
    </testcase>
    <testcase classname="MultimodalProcessor › Image Processing › detectProgrammingLanguage" name="deve detectar Java" time="0.004">
      <failure>Error: expect(received).toBe(expected) // Object.is equality

Expected: &quot;java&quot;
Received: &quot;python&quot;
    at Object.&lt;anonymous&gt; (/home/runner/work/rkmmax-hibrido/rkmmax-hibrido/src/automation/__tests__/MultimodalProcessor.test.js:268:26)
    at Promise.then.completed (/home/runner/work/rkmmax-hibrido/rkmmax-hibrido/node_modules/jest-circus/build/utils.js:391:28)
    at new Promise (&lt;anonymous&gt;)
    at callAsyncCircusFn (/home/runner/work/rkmmax-hibrido/rkmmax-hibrido/node_modules/jest-circus/build/utils.js:316:10)
    at _callCircusTest (/home/runner/work/rkmmax-hibrido/rkmmax-hibrido/node_modules/jest-circus/build/run.js:218:40)
    at processTicksAndRejections (node:internal/process/task_queues:103:5)
    at _runTest (/home/runner/work/rkmmax-hibrido/rkmmax-hibrido/node_modules/jest-circus/build/run.js:155:3)
    at _runTestsForDescribeBlock (/home/runner/work/rkmmax-hibrido/rkmmax-hibrido/node_modules/jest-circus/build/run.js:66:9)
    at _runTestsForDescribeBlock (/home/runner/work/rkmmax-hibrido/rkmmax-hibrido/node_modules/jest-circus/build/run.js:60:9)
    at _runTestsForDescribeBlock (/home/runner/work/rkmmax-hibrido/rkmmax-hibrido/node_modules/jest-circus/build/run.js:60:9)</failure>
    </testcase>
    <testcase classname="MultimodalProcessor › Image Processing › detectProgrammingLanguage" name="deve detectar SQL" time="0.001">
    </testcase>
    <testcase classname="MultimodalProcessor › Image Processing › detectProgrammingLanguage" name="deve retornar null para linguagem desconhecida" time="0.001">
    </testcase>
    <testcase classname="MultimodalProcessor › Multimodal Processing" name="deve processar áudio e imagem simultaneamente" time="0.002">
    </testcase>
    <testcase classname="MultimodalProcessor › Multimodal Processing" name="deve combinar resultados corretamente" time="0.001">
    </testcase>
    <testcase classname="MultimodalProcessor › Support Information" name="deve retornar informações de suporte" time="0.001">
    </testcase>
    <testcase classname="MultimodalProcessor › Support Information" name="deve incluir tamanho máximo de arquivo" time="0.001">
    </testcase>
    <testcase classname="MultimodalProcessor › Support Information" name="deve listar features disponíveis" time="0.001">
    </testcase>
    <testcase classname="MultimodalProcessor › Error Handling" name="deve lançar erro para áudio inválido" time="0.001">
    </testcase>
    <testcase classname="MultimodalProcessor › Error Handling" name="deve lançar erro para imagem inválida" time="0.002">
    </testcase>
  </testsuite>
  <testsuite name="AutomationEngine" errors="0" failures="14" skipped="0" timestamp="2026-02-05T14:05:36" time="0.301" tests="25">
    <testcase classname="AutomationEngine › initialization" name="deve inicializar com configurações padrão" time="0.002">
    </testcase>
    <testcase classname="AutomationEngine › initialization" name="deve inicializar componentes" time="0.001">
    </testcase>
    <testcase classname="AutomationEngine › analyzeCommand" name="deve analisar comando simples" time="0.002">
    </testcase>
    <testcase classname="AutomationEngine › analyzeCommand" name="deve detectar tipo de tarefa COMPONENT" time="0.001">
    </testcase>
    <testcase classname="AutomationEngine › analyzeCommand" name="deve detectar tipo de tarefa FUNCTION" time="0.001">
    </testcase>
    <testcase classname="AutomationEngine › analyzeCommand" name="deve detectar tipo de tarefa TEST" time="0.001">
    </testcase>
    <testcase classname="AutomationEngine › analyzeCommand" name="deve detectar tipo de tarefa REFACTOR" time="0.002">
      <failure>Error: expect(received).toBe(expected) // Object.is equality

Expected: &quot;REFACTOR&quot;
Received: &quot;GENERAL&quot;
    at Object.&lt;anonymous&gt; (/home/runner/work/rkmmax-hibrido/rkmmax-hibrido/src/automation/__tests__/AutomationEngine.test.js:75:33)</failure>
    </testcase>
    <testcase classname="AutomationEngine › analyzeCommand" name="deve extrair keywords do comando" time="0.002">
    </testcase>
    <testcase classname="AutomationEngine › generateCode" name="deve gerar código" time="0.012">
    </testcase>
    <testcase classname="AutomationEngine › generateCode" name="arquivo gerado deve ter conteúdo" time="0.003">
    </testcase>
    <testcase classname="AutomationEngine › validateCode" name="deve validar código gerado" time="0.003">
    </testcase>
    <testcase classname="AutomationEngine › validateCode" name="deve rejeitar código perigoso" time="0.002">
    </testcase>
    <testcase classname="AutomationEngine › executeAutomation" name="deve executar automação completa" time="0.002">
      <failure>TypeError: this.auditLogger.logAutomationRequest is not a function
    at AutomationEngine.executeAutomation (/home/runner/work/rkmmax-hibrido/rkmmax-hibrido/src/automation/AutomationEngine.js:47:43)
    at Object.&lt;anonymous&gt; (/home/runner/work/rkmmax-hibrido/rkmmax-hibrido/src/automation/__tests__/AutomationEngine.test.js:160:35)
    at Promise.then.completed (/home/runner/work/rkmmax-hibrido/rkmmax-hibrido/node_modules/jest-circus/build/utils.js:391:28)
    at new Promise (&lt;anonymous&gt;)
    at callAsyncCircusFn (/home/runner/work/rkmmax-hibrido/rkmmax-hibrido/node_modules/jest-circus/build/utils.js:316:10)
    at _callCircusTest (/home/runner/work/rkmmax-hibrido/rkmmax-hibrido/node_modules/jest-circus/build/run.js:218:40)
    at _runTest (/home/runner/work/rkmmax-hibrido/rkmmax-hibrido/node_modules/jest-circus/build/run.js:155:3)
    at _runTestsForDescribeBlock (/home/runner/work/rkmmax-hibrido/rkmmax-hibrido/node_modules/jest-circus/build/run.js:66:9)
    at _runTestsForDescribeBlock (/home/runner/work/rkmmax-hibrido/rkmmax-hibrido/node_modules/jest-circus/build/run.js:60:9)
    at _runTestsForDescribeBlock (/home/runner/work/rkmmax-hibrido/rkmmax-hibrido/node_modules/jest-circus/build/run.js:60:9)</failure>
    </testcase>
    <testcase classname="AutomationEngine › executeAutomation" name="deve retornar automationId" time="0.001">
      <failure>TypeError: this.auditLogger.logAutomationRequest is not a function
    at AutomationEngine.executeAutomation (/home/runner/work/rkmmax-hibrido/rkmmax-hibrido/src/automation/AutomationEngine.js:47:43)
    at Object.&lt;anonymous&gt; (/home/runner/work/rkmmax-hibrido/rkmmax-hibrido/src/automation/__tests__/AutomationEngine.test.js:175:35)
    at Promise.then.completed (/home/runner/work/rkmmax-hibrido/rkmmax-hibrido/node_modules/jest-circus/build/utils.js:391:28)
    at new Promise (&lt;anonymous&gt;)
    at callAsyncCircusFn (/home/runner/work/rkmmax-hibrido/rkmmax-hibrido/node_modules/jest-circus/build/utils.js:316:10)
    at _callCircusTest (/home/runner/work/rkmmax-hibrido/rkmmax-hibrido/node_modules/jest-circus/build/run.js:218:40)
    at _runTest (/home/runner/work/rkmmax-hibrido/rkmmax-hibrido/node_modules/jest-circus/build/run.js:155:3)
    at _runTestsForDescribeBlock (/home/runner/work/rkmmax-hibrido/rkmmax-hibrido/node_modules/jest-circus/build/run.js:66:9)
    at _runTestsForDescribeBlock (/home/runner/work/rkmmax-hibrido/rkmmax-hibrido/node_modules/jest-circus/build/run.js:60:9)
    at _runTestsForDescribeBlock (/home/runner/work/rkmmax-hibrido/rkmmax-hibrido/node_modules/jest-circus/build/run.js:60:9)</failure>
    </testcase>
    <testcase classname="AutomationEngine › executeAutomation" name="deve incluir fases de execução" time="0.001">
      <failure>TypeError: this.auditLogger.logAutomationRequest is not a function
    at AutomationEngine.executeAutomation (/home/runner/work/rkmmax-hibrido/rkmmax-hibrido/src/automation/AutomationEngine.js:47:43)
    at Object.&lt;anonymous&gt; (/home/runner/work/rkmmax-hibrido/rkmmax-hibrido/src/automation/__tests__/AutomationEngine.test.js:188:35)
    at Promise.then.completed (/home/runner/work/rkmmax-hibrido/rkmmax-hibrido/node_modules/jest-circus/build/utils.js:391:28)
    at new Promise (&lt;anonymous&gt;)
    at callAsyncCircusFn (/home/runner/work/rkmmax-hibrido/rkmmax-hibrido/node_modules/jest-circus/build/utils.js:316:10)
    at _callCircusTest (/home/runner/work/rkmmax-hibrido/rkmmax-hibrido/node_modules/jest-circus/build/run.js:218:40)
    at _runTest (/home/runner/work/rkmmax-hibrido/rkmmax-hibrido/node_modules/jest-circus/build/run.js:155:3)
    at _runTestsForDescribeBlock (/home/runner/work/rkmmax-hibrido/rkmmax-hibrido/node_modules/jest-circus/build/run.js:66:9)
    at _runTestsForDescribeBlock (/home/runner/work/rkmmax-hibrido/rkmmax-hibrido/node_modules/jest-circus/build/run.js:60:9)
    at _runTestsForDescribeBlock (/home/runner/work/rkmmax-hibrido/rkmmax-hibrido/node_modules/jest-circus/build/run.js:60:9)</failure>
    </testcase>
    <testcase classname="AutomationEngine › executeAutomation" name="deve bloquear código perigoso" time="0.002">
      <failure>TypeError: this.auditLogger.logAutomationRequest is not a function
    at AutomationEngine.executeAutomation (/home/runner/work/rkmmax-hibrido/rkmmax-hibrido/src/automation/AutomationEngine.js:47:43)
    at Object.&lt;anonymous&gt; (/home/runner/work/rkmmax-hibrido/rkmmax-hibrido/src/automation/__tests__/AutomationEngine.test.js:215:35)
    at Promise.then.completed (/home/runner/work/rkmmax-hibrido/rkmmax-hibrido/node_modules/jest-circus/build/utils.js:391:28)
    at new Promise (&lt;anonymous&gt;)
    at callAsyncCircusFn (/home/runner/work/rkmmax-hibrido/rkmmax-hibrido/node_modules/jest-circus/build/utils.js:316:10)
    at _callCircusTest (/home/runner/work/rkmmax-hibrido/rkmmax-hibrido/node_modules/jest-circus/build/run.js:218:40)
    at _runTest (/home/runner/work/rkmmax-hibrido/rkmmax-hibrido/node_modules/jest-circus/build/run.js:155:3)
    at _runTestsForDescribeBlock (/home/runner/work/rkmmax-hibrido/rkmmax-hibrido/node_modules/jest-circus/build/run.js:66:9)
    at _runTestsForDescribeBlock (/home/runner/work/rkmmax-hibrido/rkmmax-hibrido/node_modules/jest-circus/build/run.js:60:9)
    at _runTestsForDescribeBlock (/home/runner/work/rkmmax-hibrido/rkmmax-hibrido/node_modules/jest-circus/build/run.js:60:9)</failure>
    </testcase>
    <testcase classname="AutomationEngine › getAutomationHistory" name="deve retornar histórico de automações" time="0.001">
      <failure>TypeError: this.auditLogger.searchLogs is not a function
    at AutomationEngine.getAutomationHistory (/home/runner/work/rkmmax-hibrido/rkmmax-hibrido/src/automation/AutomationEngine.js:357:8)
    at Object.&lt;anonymous&gt; (/home/runner/work/rkmmax-hibrido/rkmmax-hibrido/src/automation/__tests__/AutomationEngine.test.js:224:30)
    at Promise.then.completed (/home/runner/work/rkmmax-hibrido/rkmmax-hibrido/node_modules/jest-circus/build/utils.js:391:28)
    at new Promise (&lt;anonymous&gt;)
    at callAsyncCircusFn (/home/runner/work/rkmmax-hibrido/rkmmax-hibrido/node_modules/jest-circus/build/utils.js:316:10)
    at _callCircusTest (/home/runner/work/rkmmax-hibrido/rkmmax-hibrido/node_modules/jest-circus/build/run.js:218:40)
    at _runTest (/home/runner/work/rkmmax-hibrido/rkmmax-hibrido/node_modules/jest-circus/build/run.js:155:3)
    at _runTestsForDescribeBlock (/home/runner/work/rkmmax-hibrido/rkmmax-hibrido/node_modules/jest-circus/build/run.js:66:9)
    at _runTestsForDescribeBlock (/home/runner/work/rkmmax-hibrido/rkmmax-hibrido/node_modules/jest-circus/build/run.js:60:9)
    at _runTestsForDescribeBlock (/home/runner/work/rkmmax-hibrido/rkmmax-hibrido/node_modules/jest-circus/build/run.js:60:9)</failure>
    </testcase>
    <testcase classname="AutomationEngine › getAutomationStats" name="deve retornar estatísticas" time="0.001">
      <failure>TypeError: this.auditLogger.searchLogs is not a function
    at AutomationEngine.getAutomationStats (/home/runner/work/rkmmax-hibrido/rkmmax-hibrido/src/automation/AutomationEngine.js:368:35)
    at Object.&lt;anonymous&gt; (/home/runner/work/rkmmax-hibrido/rkmmax-hibrido/src/automation/__tests__/AutomationEngine.test.js:232:28)
    at Promise.then.completed (/home/runner/work/rkmmax-hibrido/rkmmax-hibrido/node_modules/jest-circus/build/utils.js:391:28)
    at new Promise (&lt;anonymous&gt;)
    at callAsyncCircusFn (/home/runner/work/rkmmax-hibrido/rkmmax-hibrido/node_modules/jest-circus/build/utils.js:316:10)
    at _callCircusTest (/home/runner/work/rkmmax-hibrido/rkmmax-hibrido/node_modules/jest-circus/build/run.js:218:40)
    at _runTest (/home/runner/work/rkmmax-hibrido/rkmmax-hibrido/node_modules/jest-circus/build/run.js:155:3)
    at _runTestsForDescribeBlock (/home/runner/work/rkmmax-hibrido/rkmmax-hibrido/node_modules/jest-circus/build/run.js:66:9)
    at _runTestsForDescribeBlock (/home/runner/work/rkmmax-hibrido/rkmmax-hibrido/node_modules/jest-circus/build/run.js:60:9)
    at _runTestsForDescribeBlock (/home/runner/work/rkmmax-hibrido/rkmmax-hibrido/node_modules/jest-circus/build/run.js:60:9)</failure>
    </testcase>
    <testcase classname="AutomationEngine › Modo Híbrido" name="deve permitir seleção manual de especialista" time="0.001">
      <failure>TypeError: this.auditLogger.logAutomationRequest is not a function
    at AutomationEngine.executeAutomation (/home/runner/work/rkmmax-hibrido/rkmmax-hibrido/src/automation/AutomationEngine.js:47:43)
    at Object.&lt;anonymous&gt; (/home/runner/work/rkmmax-hibrido/rkmmax-hibrido/src/automation/__tests__/AutomationEngine.test.js:251:35)
    at Promise.then.completed (/home/runner/work/rkmmax-hibrido/rkmmax-hibrido/node_modules/jest-circus/build/utils.js:391:28)
    at new Promise (&lt;anonymous&gt;)
    at callAsyncCircusFn (/home/runner/work/rkmmax-hibrido/rkmmax-hibrido/node_modules/jest-circus/build/utils.js:316:10)
    at _callCircusTest (/home/runner/work/rkmmax-hibrido/rkmmax-hibrido/node_modules/jest-circus/build/run.js:218:40)
    at _runTest (/home/runner/work/rkmmax-hibrido/rkmmax-hibrido/node_modules/jest-circus/build/run.js:155:3)
    at _runTestsForDescribeBlock (/home/runner/work/rkmmax-hibrido/rkmmax-hibrido/node_modules/jest-circus/build/run.js:66:9)
    at _runTestsForDescribeBlock (/home/runner/work/rkmmax-hibrido/rkmmax-hibrido/node_modules/jest-circus/build/run.js:60:9)
    at _runTestsForDescribeBlock (/home/runner/work/rkmmax-hibrido/rkmmax-hibrido/node_modules/jest-circus/build/run.js:60:9)</failure>
    </testcase>
    <testcase classname="AutomationEngine › Modo Híbrido" name="deve usar especialista selecionado em modo HYBRID" time="0.001">
      <failure>TypeError: this.auditLogger.logAutomationRequest is not a function
    at AutomationEngine.executeAutomation (/home/runner/work/rkmmax-hibrido/rkmmax-hibrido/src/automation/AutomationEngine.js:47:43)
    at Object.&lt;anonymous&gt; (/home/runner/work/rkmmax-hibrido/rkmmax-hibrido/src/automation/__tests__/AutomationEngine.test.js:266:35)
    at Promise.then.completed (/home/runner/work/rkmmax-hibrido/rkmmax-hibrido/node_modules/jest-circus/build/utils.js:391:28)
    at new Promise (&lt;anonymous&gt;)
    at callAsyncCircusFn (/home/runner/work/rkmmax-hibrido/rkmmax-hibrido/node_modules/jest-circus/build/utils.js:316:10)
    at _callCircusTest (/home/runner/work/rkmmax-hibrido/rkmmax-hibrido/node_modules/jest-circus/build/run.js:218:40)
    at _runTest (/home/runner/work/rkmmax-hibrido/rkmmax-hibrido/node_modules/jest-circus/build/run.js:155:3)
    at _runTestsForDescribeBlock (/home/runner/work/rkmmax-hibrido/rkmmax-hibrido/node_modules/jest-circus/build/run.js:66:9)
    at _runTestsForDescribeBlock (/home/runner/work/rkmmax-hibrido/rkmmax-hibrido/node_modules/jest-circus/build/run.js:60:9)
    at _runTestsForDescribeBlock (/home/runner/work/rkmmax-hibrido/rkmmax-hibrido/node_modules/jest-circus/build/run.js:60:9)</failure>
    </testcase>
    <testcase classname="AutomationEngine › Modo Otimizado" name="deve selecionar especialista automaticamente em OPTIMIZED" time="0.001">
      <failure>TypeError: this.auditLogger.logAutomationRequest is not a function
    at AutomationEngine.executeAutomation (/home/runner/work/rkmmax-hibrido/rkmmax-hibrido/src/automation/AutomationEngine.js:47:43)
    at Object.&lt;anonymous&gt; (/home/runner/work/rkmmax-hibrido/rkmmax-hibrido/src/automation/__tests__/AutomationEngine.test.js:282:35)
    at Promise.then.completed (/home/runner/work/rkmmax-hibrido/rkmmax-hibrido/node_modules/jest-circus/build/utils.js:391:28)
    at new Promise (&lt;anonymous&gt;)
    at callAsyncCircusFn (/home/runner/work/rkmmax-hibrido/rkmmax-hibrido/node_modules/jest-circus/build/utils.js:316:10)
    at _callCircusTest (/home/runner/work/rkmmax-hibrido/rkmmax-hibrido/node_modules/jest-circus/build/run.js:218:40)
    at _runTest (/home/runner/work/rkmmax-hibrido/rkmmax-hibrido/node_modules/jest-circus/build/run.js:155:3)
    at _runTestsForDescribeBlock (/home/runner/work/rkmmax-hibrido/rkmmax-hibrido/node_modules/jest-circus/build/run.js:66:9)
    at _runTestsForDescribeBlock (/home/runner/work/rkmmax-hibrido/rkmmax-hibrido/node_modules/jest-circus/build/run.js:60:9)
    at _runTestsForDescribeBlock (/home/runner/work/rkmmax-hibrido/rkmmax-hibrido/node_modules/jest-circus/build/run.js:60:9)</failure>
    </testcase>
    <testcase classname="AutomationEngine › Error Handling" name="deve capturar erros durante execução" time="0.001">
      <failure>TypeError: this.auditLogger.logAutomationRequest is not a function
    at AutomationEngine.executeAutomation (/home/runner/work/rkmmax-hibrido/rkmmax-hibrido/src/automation/AutomationEngine.js:47:43)
    at Object.&lt;anonymous&gt; (/home/runner/work/rkmmax-hibrido/rkmmax-hibrido/src/automation/__tests__/AutomationEngine.test.js:303:35)
    at Promise.then.completed (/home/runner/work/rkmmax-hibrido/rkmmax-hibrido/node_modules/jest-circus/build/utils.js:391:28)
    at new Promise (&lt;anonymous&gt;)
    at callAsyncCircusFn (/home/runner/work/rkmmax-hibrido/rkmmax-hibrido/node_modules/jest-circus/build/utils.js:316:10)
    at _callCircusTest (/home/runner/work/rkmmax-hibrido/rkmmax-hibrido/node_modules/jest-circus/build/run.js:218:40)
    at _runTest (/home/runner/work/rkmmax-hibrido/rkmmax-hibrido/node_modules/jest-circus/build/run.js:155:3)
    at _runTestsForDescribeBlock (/home/runner/work/rkmmax-hibrido/rkmmax-hibrido/node_modules/jest-circus/build/run.js:66:9)
    at _runTestsForDescribeBlock (/home/runner/work/rkmmax-hibrido/rkmmax-hibrido/node_modules/jest-circus/build/run.js:60:9)
    at _runTestsForDescribeBlock (/home/runner/work/rkmmax-hibrido/rkmmax-hibrido/node_modules/jest-circus/build/run.js:60:9)</failure>
    </testcase>
    <testcase classname="AutomationEngine › Error Handling" name="deve incluir mensagem de erro" time="0.001">
      <failure>TypeError: this.auditLogger.logAutomationRequest is not a function
    at AutomationEngine.executeAutomation (/home/runner/work/rkmmax-hibrido/rkmmax-hibrido/src/automation/AutomationEngine.js:47:43)
    at Object.&lt;anonymous&gt; (/home/runner/work/rkmmax-hibrido/rkmmax-hibrido/src/automation/__tests__/AutomationEngine.test.js:321:35)
    at Promise.then.completed (/home/runner/work/rkmmax-hibrido/rkmmax-hibrido/node_modules/jest-circus/build/utils.js:391:28)
    at new Promise (&lt;anonymous&gt;)
    at callAsyncCircusFn (/home/runner/work/rkmmax-hibrido/rkmmax-hibrido/node_modules/jest-circus/build/utils.js:316:10)
    at _callCircusTest (/home/runner/work/rkmmax-hibrido/rkmmax-hibrido/node_modules/jest-circus/build/run.js:218:40)
    at _runTest (/home/runner/work/rkmmax-hibrido/rkmmax-hibrido/node_modules/jest-circus/build/run.js:155:3)
    at _runTestsForDescribeBlock (/home/runner/work/rkmmax-hibrido/rkmmax-hibrido/node_modules/jest-circus/build/run.js:66:9)
    at _runTestsForDescribeBlock (/home/runner/work/rkmmax-hibrido/rkmmax-hibrido/node_modules/jest-circus/build/run.js:60:9)
    at _runTestsForDescribeBlock (/home/runner/work/rkmmax-hibrido/rkmmax-hibrido/node_modules/jest-circus/build/run.js:60:9)</failure>
    </testcase>
    <testcase classname="AutomationEngine › Logging" name="deve registrar automação iniciada" time="0.001">
      <failure>TypeError: this.auditLogger.logAutomationRequest is not a function
    at AutomationEngine.executeAutomation (/home/runner/work/rkmmax-hibrido/rkmmax-hibrido/src/automation/AutomationEngine.js:47:43)
    at Object.&lt;anonymous&gt; (/home/runner/work/rkmmax-hibrido/rkmmax-hibrido/src/automation/__tests__/AutomationEngine.test.js:336:35)
    at Promise.then.completed (/home/runner/work/rkmmax-hibrido/rkmmax-hibrido/node_modules/jest-circus/build/utils.js:391:28)
    at new Promise (&lt;anonymous&gt;)
    at callAsyncCircusFn (/home/runner/work/rkmmax-hibrido/rkmmax-hibrido/node_modules/jest-circus/build/utils.js:316:10)
    at _callCircusTest (/home/runner/work/rkmmax-hibrido/rkmmax-hibrido/node_modules/jest-circus/build/run.js:218:40)
    at _runTest (/home/runner/work/rkmmax-hibrido/rkmmax-hibrido/node_modules/jest-circus/build/run.js:155:3)
    at _runTestsForDescribeBlock (/home/runner/work/rkmmax-hibrido/rkmmax-hibrido/node_modules/jest-circus/build/run.js:66:9)
    at _runTestsForDescribeBlock (/home/runner/work/rkmmax-hibrido/rkmmax-hibrido/node_modules/jest-circus/build/run.js:60:9)
    at _runTestsForDescribeBlock (/home/runner/work/rkmmax-hibrido/rkmmax-hibrido/node_modules/jest-circus/build/run.js:60:9)</failure>
    </testcase>
    <testcase classname="AutomationEngine › Logging" name="deve registrar conclusão de automação" time="0.001">
      <failure>TypeError: this.auditLogger.logAutomationRequest is not a function
    at AutomationEngine.executeAutomation (/home/runner/work/rkmmax-hibrido/rkmmax-hibrido/src/automation/AutomationEngine.js:47:43)
    at Object.&lt;anonymous&gt; (/home/runner/work/rkmmax-hibrido/rkmmax-hibrido/src/automation/__tests__/AutomationEngine.test.js:349:35)
    at Promise.then.completed (/home/runner/work/rkmmax-hibrido/rkmmax-hibrido/node_modules/jest-circus/build/utils.js:391:28)
    at new Promise (&lt;anonymous&gt;)
    at callAsyncCircusFn (/home/runner/work/rkmmax-hibrido/rkmmax-hibrido/node_modules/jest-circus/build/utils.js:316:10)
    at _callCircusTest (/home/runner/work/rkmmax-hibrido/rkmmax-hibrido/node_modules/jest-circus/build/run.js:218:40)
    at _runTest (/home/runner/work/rkmmax-hibrido/rkmmax-hibrido/node_modules/jest-circus/build/run.js:155:3)
    at _runTestsForDescribeBlock (/home/runner/work/rkmmax-hibrido/rkmmax-hibrido/node_modules/jest-circus/build/run.js:66:9)
    at _runTestsForDescribeBlock (/home/runner/work/rkmmax-hibrido/rkmmax-hibrido/node_modules/jest-circus/build/run.js:60:9)
    at _runTestsForDescribeBlock (/home/runner/work/rkmmax-hibrido/rkmmax-hibrido/node_modules/jest-circus/build/run.js:60:9)</failure>
    </testcase>
  </testsuite>
  <testsuite name="FeedbackButton Component" errors="0" failures="4" skipped="0" timestamp="2026-02-05T14:05:36" time="0.272" tests="4">
    <testcase classname="FeedbackButton Component" name="renders feedback button" time="0.002">
      <failure>ReferenceError: document is not defined
    at render (/home/runner/work/rkmmax-hibrido/rkmmax-hibrido/node_modules/@testing-library/react/dist/pure.js:257:5)
    at Object.&lt;anonymous&gt; (/home/runner/work/rkmmax-hibrido/rkmmax-hibrido/src/components/FeedbackButton.test.jsx:32:11)
    at Promise.then.completed (/home/runner/work/rkmmax-hibrido/rkmmax-hibrido/node_modules/jest-circus/build/utils.js:391:28)
    at new Promise (&lt;anonymous&gt;)
    at callAsyncCircusFn (/home/runner/work/rkmmax-hibrido/rkmmax-hibrido/node_modules/jest-circus/build/utils.js:316:10)
    at _callCircusTest (/home/runner/work/rkmmax-hibrido/rkmmax-hibrido/node_modules/jest-circus/build/run.js:218:40)
    at _runTest (/home/runner/work/rkmmax-hibrido/rkmmax-hibrido/node_modules/jest-circus/build/run.js:155:3)
    at _runTestsForDescribeBlock (/home/runner/work/rkmmax-hibrido/rkmmax-hibrido/node_modules/jest-circus/build/run.js:66:9)
    at _runTestsForDescribeBlock (/home/runner/work/rkmmax-hibrido/rkmmax-hibrido/node_modules/jest-circus/build/run.js:60:9)
    at run (/home/runner/work/rkmmax-hibrido/rkmmax-hibrido/node_modules/jest-circus/build/run.js:25:3)</failure>
    </testcase>
    <testcase classname="FeedbackButton Component" name="opens feedback form when button is clicked" time="0.001">
      <failure>ReferenceError: document is not defined
    at render (/home/runner/work/rkmmax-hibrido/rkmmax-hibrido/node_modules/@testing-library/react/dist/pure.js:257:5)
    at Object.&lt;anonymous&gt; (/home/runner/work/rkmmax-hibrido/rkmmax-hibrido/src/components/FeedbackButton.test.jsx:38:11)
    at Promise.then.completed (/home/runner/work/rkmmax-hibrido/rkmmax-hibrido/node_modules/jest-circus/build/utils.js:391:28)
    at new Promise (&lt;anonymous&gt;)
    at callAsyncCircusFn (/home/runner/work/rkmmax-hibrido/rkmmax-hibrido/node_modules/jest-circus/build/utils.js:316:10)
    at _callCircusTest (/home/runner/work/rkmmax-hibrido/rkmmax-hibrido/node_modules/jest-circus/build/run.js:218:40)
    at _runTest (/home/runner/work/rkmmax-hibrido/rkmmax-hibrido/node_modules/jest-circus/build/run.js:155:3)
    at _runTestsForDescribeBlock (/home/runner/work/rkmmax-hibrido/rkmmax-hibrido/node_modules/jest-circus/build/run.js:66:9)
    at _runTestsForDescribeBlock (/home/runner/work/rkmmax-hibrido/rkmmax-hibrido/node_modules/jest-circus/build/run.js:60:9)
    at run (/home/runner/work/rkmmax-hibrido/rkmmax-hibrido/node_modules/jest-circus/build/run.js:25:3)</failure>
    </testcase>
    <testcase classname="FeedbackButton Component" name="closes form when close button is clicked" time="0.002">
      <failure>ReferenceError: document is not defined
    at render (/home/runner/work/rkmmax-hibrido/rkmmax-hibrido/node_modules/@testing-library/react/dist/pure.js:257:5)
    at Object.&lt;anonymous&gt; (/home/runner/work/rkmmax-hibrido/rkmmax-hibrido/src/components/FeedbackButton.test.jsx:46:11)
    at Promise.then.completed (/home/runner/work/rkmmax-hibrido/rkmmax-hibrido/node_modules/jest-circus/build/utils.js:391:28)
    at new Promise (&lt;anonymous&gt;)
    at callAsyncCircusFn (/home/runner/work/rkmmax-hibrido/rkmmax-hibrido/node_modules/jest-circus/build/utils.js:316:10)
    at _callCircusTest (/home/runner/work/rkmmax-hibrido/rkmmax-hibrido/node_modules/jest-circus/build/run.js:218:40)
    at _runTest (/home/runner/work/rkmmax-hibrido/rkmmax-hibrido/node_modules/jest-circus/build/run.js:155:3)
    at _runTestsForDescribeBlock (/home/runner/work/rkmmax-hibrido/rkmmax-hibrido/node_modules/jest-circus/build/run.js:66:9)
    at _runTestsForDescribeBlock (/home/runner/work/rkmmax-hibrido/rkmmax-hibrido/node_modules/jest-circus/build/run.js:60:9)
    at run (/home/runner/work/rkmmax-hibrido/rkmmax-hibrido/node_modules/jest-circus/build/run.js:25:3)</failure>
    </testcase>
    <testcase classname="FeedbackButton Component" name="submits feedback successfully" time="0.001">
      <failure>ReferenceError: document is not defined
    at render (/home/runner/work/rkmmax-hibrido/rkmmax-hibrido/node_modules/@testing-library/react/dist/pure.js:257:5)
    at Object.&lt;anonymous&gt; (/home/runner/work/rkmmax-hibrido/rkmmax-hibrido/src/components/FeedbackButton.test.jsx:57:11)
    at Promise.then.completed (/home/runner/work/rkmmax-hibrido/rkmmax-hibrido/node_modules/jest-circus/build/utils.js:391:28)
    at new Promise (&lt;anonymous&gt;)
    at callAsyncCircusFn (/home/runner/work/rkmmax-hibrido/rkmmax-hibrido/node_modules/jest-circus/build/utils.js:316:10)
    at _callCircusTest (/home/runner/work/rkmmax-hibrido/rkmmax-hibrido/node_modules/jest-circus/build/run.js:218:40)
    at _runTest (/home/runner/work/rkmmax-hibrido/rkmmax-hibrido/node_modules/jest-circus/build/run.js:155:3)
    at _runTestsForDescribeBlock (/home/runner/work/rkmmax-hibrido/rkmmax-hibrido/node_modules/jest-circus/build/run.js:66:9)
    at _runTestsForDescribeBlock (/home/runner/work/rkmmax-hibrido/rkmmax-hibrido/node_modules/jest-circus/build/run.js:60:9)
    at run (/home/runner/work/rkmmax-hibrido/rkmmax-hibrido/node_modules/jest-circus/build/run.js:25:3)</failure>
    </testcase>
  </testsuite>
  <testsuite name="SecurityValidator" errors="0" failures="4" skipped="0" timestamp="2026-02-05T14:05:36" time="0.173" tests="25">
    <testcase classname="SecurityValidator › validateCode" name="deve aceitar código JavaScript válido" time="0.001">
    </testcase>
    <testcase classname="SecurityValidator › validateCode" name="deve rejeitar código com rm -rf" time="0.001">
    </testcase>
    <testcase classname="SecurityValidator › validateCode" name="deve rejeitar código com DROP TABLE" time="0.001">
    </testcase>
    <testcase classname="SecurityValidator › validateCode" name="deve detectar credenciais expostas" time="0.001">
      <failure>Error: expect(received).toBe(expected) // Object.is equality

Expected: false
Received: true
    at Object.&lt;anonymous&gt; (/home/runner/work/rkmmax-hibrido/rkmmax-hibrido/src/automation/__tests__/SecurityValidator.test.js:62:30)</failure>
    </testcase>
    <testcase classname="SecurityValidator › validateCode" name="deve rejeitar arquivo com extensão não permitida" time="0.001">
    </testcase>
    <testcase classname="SecurityValidator › validateCode" name="deve rejeitar modificação de arquivo crítico" time="0.001">
      <failure>Error: expect(received).toBe(expected) // Object.is equality

Expected: &quot;CRITICAL_FILE_MODIFICATION&quot;
Received: &quot;INVALID_FILE_EXTENSION&quot;
    at Object.&lt;anonymous&gt; (/home/runner/work/rkmmax-hibrido/rkmmax-hibrido/src/automation/__tests__/SecurityValidator.test.js:81:37)</failure>
    </testcase>
    <testcase classname="SecurityValidator › validateCode" name="deve avisar sobre console.log em produção" time="0.001">
    </testcase>
    <testcase classname="SecurityValidator › validateCode" name="deve avisar sobre TODO/FIXME" time="0.001">
    </testcase>
    <testcase classname="SecurityValidator › validateCode" name="deve detectar chaves desbalanceadas" time="0.001">
    </testcase>
    <testcase classname="SecurityValidator › validateCode" name="deve validar JSON válido" time="0.001">
    </testcase>
    <testcase classname="SecurityValidator › validateCode" name="deve rejeitar JSON inválido" time="0.001">
    </testcase>
    <testcase classname="SecurityValidator › validateFiles" name="deve validar múltiplos arquivos" time="0.001">
    </testcase>
    <testcase classname="SecurityValidator › validateFiles" name="deve bloquear se um arquivo for inválido" time="0.001">
    </testcase>
    <testcase classname="SecurityValidator › checkBlockedPatterns" name="deve detectar padrões destrutivos" time="0.001">
    </testcase>
    <testcase classname="SecurityValidator › checkBlockedPatterns" name="deve detectar código malicioso" time="0.001">
    </testcase>
    <testcase classname="SecurityValidator › checkBlockedPatterns" name="deve detectar acesso a arquivos críticos" time="0">
    </testcase>
    <testcase classname="SecurityValidator › checkCredentials" name="deve detectar API keys" time="0">
      <failure>Error: expect(received).toBeGreaterThan(expected)

Expected: &gt; 0
Received:   0
    at Object.&lt;anonymous&gt; (/home/runner/work/rkmmax-hibrido/rkmmax-hibrido/src/automation/__tests__/SecurityValidator.test.js:206:35)
    at Promise.then.completed (/home/runner/work/rkmmax-hibrido/rkmmax-hibrido/node_modules/jest-circus/build/utils.js:391:28)
    at new Promise (&lt;anonymous&gt;)
    at callAsyncCircusFn (/home/runner/work/rkmmax-hibrido/rkmmax-hibrido/node_modules/jest-circus/build/utils.js:316:10)
    at _callCircusTest (/home/runner/work/rkmmax-hibrido/rkmmax-hibrido/node_modules/jest-circus/build/run.js:218:40)
    at _runTest (/home/runner/work/rkmmax-hibrido/rkmmax-hibrido/node_modules/jest-circus/build/run.js:155:3)
    at _runTestsForDescribeBlock (/home/runner/work/rkmmax-hibrido/rkmmax-hibrido/node_modules/jest-circus/build/run.js:66:9)
    at _runTestsForDescribeBlock (/home/runner/work/rkmmax-hibrido/rkmmax-hibrido/node_modules/jest-circus/build/run.js:60:9)
    at _runTestsForDescribeBlock (/home/runner/work/rkmmax-hibrido/rkmmax-hibrido/node_modules/jest-circus/build/run.js:60:9)
    at run (/home/runner/work/rkmmax-hibrido/rkmmax-hibrido/node_modules/jest-circus/build/run.js:25:3)</failure>
    </testcase>
    <testcase classname="SecurityValidator › checkCredentials" name="deve detectar tokens GitHub" time="0.001">
      <failure>Error: expect(received).toBeGreaterThan(expected)

Expected: &gt; 0
Received:   0
    at Object.&lt;anonymous&gt; (/home/runner/work/rkmmax-hibrido/rkmmax-hibrido/src/automation/__tests__/SecurityValidator.test.js:213:35)
    at Promise.then.completed (/home/runner/work/rkmmax-hibrido/rkmmax-hibrido/node_modules/jest-circus/build/utils.js:391:28)
    at new Promise (&lt;anonymous&gt;)
    at callAsyncCircusFn (/home/runner/work/rkmmax-hibrido/rkmmax-hibrido/node_modules/jest-circus/build/utils.js:316:10)
    at _callCircusTest (/home/runner/work/rkmmax-hibrido/rkmmax-hibrido/node_modules/jest-circus/build/run.js:218:40)
    at _runTest (/home/runner/work/rkmmax-hibrido/rkmmax-hibrido/node_modules/jest-circus/build/run.js:155:3)
    at _runTestsForDescribeBlock (/home/runner/work/rkmmax-hibrido/rkmmax-hibrido/node_modules/jest-circus/build/run.js:66:9)
    at _runTestsForDescribeBlock (/home/runner/work/rkmmax-hibrido/rkmmax-hibrido/node_modules/jest-circus/build/run.js:60:9)
    at _runTestsForDescribeBlock (/home/runner/work/rkmmax-hibrido/rkmmax-hibrido/node_modules/jest-circus/build/run.js:60:9)
    at run (/home/runner/work/rkmmax-hibrido/rkmmax-hibrido/node_modules/jest-circus/build/run.js:25:3)</failure>
    </testcase>
    <testcase classname="SecurityValidator › checkSyntax" name="deve validar sintaxe JavaScript" time="0">
    </testcase>
    <testcase classname="SecurityValidator › checkSyntax" name="deve detectar chaves desbalanceadas" time="0">
    </testcase>
    <testcase classname="SecurityValidator › generateSecurityReport" name="deve gerar relatório de segurança" time="0.001">
    </testcase>
    <testcase classname="SecurityValidator › isAllowedExtension" name="deve permitir extensões válidas" time="0.001">
    </testcase>
    <testcase classname="SecurityValidator › isAllowedExtension" name="deve rejeitar extensões inválidas" time="0.001">
    </testcase>
    <testcase classname="SecurityValidator › isCriticalFile" name="deve identificar arquivos críticos" time="0.001">
    </testcase>
    <testcase classname="SecurityValidator › isCriticalFile" name="deve permitir arquivos normais" time="0.001">
    </testcase>
  </testsuite>
  <testsuite name="CreditCalculator" errors="0" failures="0" skipped="0" timestamp="2026-02-05T14:05:36" time="0.182" tests="41">
    <testcase classname="CreditCalculator › calculateAutomationCost" name="deve calcular custo para modo MANUAL" time="0.002">
    </testcase>
    <testcase classname="CreditCalculator › calculateAutomationCost" name="deve calcular custo para modo HYBRID" time="0.001">
    </testcase>
    <testcase classname="CreditCalculator › calculateAutomationCost" name="deve calcular custo para modo OPTIMIZED" time="0.002">
    </testcase>
    <testcase classname="CreditCalculator › calculateAutomationCost" name="custo OPTIMIZED deve ser maior que MANUAL" time="0.001">
    </testcase>
    <testcase classname="CreditCalculator › calculateAutomationCost" name="deve incluir breakdown de custos" time="0.001">
    </testcase>
    <testcase classname="CreditCalculator › estimateAICost" name="deve estimar custo com Gemini 2.0 Flash" time="0.001">
    </testcase>
    <testcase classname="CreditCalculator › estimateAICost" name="deve estimar custo com Gemini 2.5 Pro" time="0">
    </testcase>
    <testcase classname="CreditCalculator › estimateAICost" name="custo Gemini Pro deve ser maior que Flash" time="0">
    </testcase>
    <testcase classname="CreditCalculator › costToCredits" name="deve converter custo em créditos" time="0.001">
    </testcase>
    <testcase classname="CreditCalculator › costToCredits" name="deve arredondar para cima" time="0.001">
    </testcase>
    <testcase classname="CreditCalculator › calculateSellingPrice" name="deve calcular preço com 60% de margem" time="0.001">
    </testcase>
    <testcase classname="CreditCalculator › calculateSellingPrice" name="deve calcular preço com 40% de margem" time="0.001">
    </testcase>
    <testcase classname="CreditCalculator › calculateSellingPrice" name="margem 60% deve resultar em preço maior que 40%" time="0">
    </testcase>
    <testcase classname="CreditCalculator › getPlanInfo" name="deve retornar informações do plano Básico" time="0.012">
    </testcase>
    <testcase classname="CreditCalculator › getPlanInfo" name="deve retornar informações do plano Premium" time="0.001">
    </testcase>
    <testcase classname="CreditCalculator › getPlanInfo" name="deve retornar null para plano inválido" time="0.001">
    </testcase>
    <testcase classname="CreditCalculator › listAllPlans" name="deve listar todos os planos" time="0.001">
    </testcase>
    <testcase classname="CreditCalculator › listAllPlans" name="cada plano deve ter informações obrigatórias" time="0.002">
    </testcase>
    <testcase classname="CreditCalculator › checkDailyLimit" name="deve permitir uso dentro do limite" time="0.001">
    </testcase>
    <testcase classname="CreditCalculator › checkDailyLimit" name="deve bloquear quando limite de automações é atingido" time="0.001">
    </testcase>
    <testcase classname="CreditCalculator › checkDailyLimit" name="deve bloquear quando limite de créditos é atingido" time="0.001">
    </testcase>
    <testcase classname="CreditCalculator › checkDailyLimit" name="plano gratuito não deve ter limite" time="0.002">
    </testcase>
    <testcase classname="CreditCalculator › canUseSpecialist" name="deve permitir especialista no plano Premium" time="0">
    </testcase>
    <testcase classname="CreditCalculator › canUseSpecialist" name="deve bloquear especialista no plano Básico" time="0">
    </testcase>
    <testcase classname="CreditCalculator › canUseSpecialist" name="deve permitir 10 especialistas no plano Básico" time="0.001">
    </testcase>
    <testcase classname="CreditCalculator › canUseMode" name="deve permitir MANUAL em todos os planos" time="0.001">
    </testcase>
    <testcase classname="CreditCalculator › canUseMode" name="deve permitir OPTIMIZED apenas em planos intermediários" time="0.001">
    </testcase>
    <testcase classname="CreditCalculator › getRemainingCreditsToday" name="deve calcular créditos restantes" time="0.001">
    </testcase>
    <testcase classname="CreditCalculator › getRemainingCreditsToday" name="deve retornar 0 quando limite é atingido" time="0.001">
    </testcase>
    <testcase classname="CreditCalculator › getRemainingCreditsToday" name="plano gratuito deve retornar -1 (sem limite)" time="0.001">
    </testcase>
    <testcase classname="CreditCalculator › calculatePlanPrices" name="deve calcular preços para todos os planos" time="0.001">
    </testcase>
    <testcase classname="CreditCalculator › calculatePlanPrices" name="preço calculado deve respeitar margem" time="0.001">
    </testcase>
    <testcase classname="CreditCalculator › generatePricingReport" name="deve gerar relatório de preços" time="0.001">
    </testcase>
    <testcase classname="CreditCalculator › generatePricingReport" name="relatório deve incluir receita mensal" time="0.001">
    </testcase>
    <testcase classname="CreditCalculator › Margens de Lucro" name="Plano Básico deve ter 60% de margem" time="0.001">
    </testcase>
    <testcase classname="CreditCalculator › Margens de Lucro" name="Plano Intermediário deve ter 40% de margem" time="0.001">
    </testcase>
    <testcase classname="CreditCalculator › Margens de Lucro" name="Plano Premium deve ter 40% de margem" time="0.001">
    </testcase>
    <testcase classname="CreditCalculator › Limites Diários Rígidos" name="Plano Básico: 5 automações/dia" time="0.001">
    </testcase>
    <testcase classname="CreditCalculator › Limites Diários Rígidos" name="Plano Intermediário: 15 automações/dia" time="0.001">
    </testcase>
    <testcase classname="CreditCalculator › Limites Diários Rígidos" name="Plano Premium: 50 automações/dia" time="0">
    </testcase>
    <testcase classname="CreditCalculator › Limites Diários Rígidos" name="Plano Gratuito: sem limite" time="0">
    </testcase>
  </testsuite>
</testsuites>