<?xml version="1.0" encoding="UTF-8"?>
<testsuites name="jest tests" tests="4" failures="1" errors="0" time="1.048">
  <testsuite name="FeedbackButton Component" errors="0" failures="1" skipped="0" timestamp="2026-02-05T14:04:00" time="0.695" tests="4">
    <testcase classname="FeedbackButton Component" name="renders feedback button" time="0.05">
    </testcase>
    <testcase classname="FeedbackButton Component" name="opens feedback form when button is clicked" time="0.042">
      <failure>TestingLibraryElementError: Found multiple elements with the text: /enviar feedback/i

Here are the matching elements:

Ignored nodes: comments, script, style
&lt;h3
  style=&quot;margin: 0px; font-size: 16px;&quot;
&gt;
  Enviar Feedback
&lt;/h3&gt;

Ignored nodes: comments, script, style
&lt;button
  style=&quot;width: 100%; padding: 10px 16px; background: rgb(99, 102, 241); color: white; border-radius: 8px; font-weight: 600; cursor: pointer; opacity: 1; font-size: 14px;&quot;
  type=&quot;submit&quot;
&gt;
  Enviar Feedback
&lt;/button&gt;

(If this is intentional, then use the `*AllBy*` variant of the query (like `queryAllByText`, `getAllByText`, or `findAllByText`)).

Ignored nodes: comments, script, style
&lt;body&gt;
  &lt;div&gt;
    &lt;div
      class=&quot;feedback-overlay&quot;
      style=&quot;position: fixed; right: 16px; width: 360px; max-width: calc(100vw - 40px); background: white; border: 1px solid #e5e7eb; border-radius: 12px; box-shadow: 0 10px 40px rgba(0, 0, 0, 0.15); padding: 20px; z-index: 60; pointer-events: auto;&quot;
    &gt;
      &lt;form&gt;
        &lt;div
          style=&quot;display: flex; justify-content: space-between; margin-bottom: 12px;&quot;
        &gt;
          &lt;h3
            style=&quot;margin: 0px; font-size: 16px;&quot;
          &gt;
            Enviar Feedback
          &lt;/h3&gt;
          &lt;button
            aria-label=&quot;Fechar&quot;
            style=&quot;background: none; font-size: 20px; cursor: pointer; padding: 0px; opacity: 0.6;&quot;
            type=&quot;button&quot;
          &gt;
            ×
          &lt;/button&gt;
        &lt;/div&gt;
        &lt;div
          style=&quot;margin-bottom: 12px;&quot;
        &gt;
          &lt;label
            style=&quot;display: block; font-size: 13px; margin-bottom: 6px; font-weight: 500;&quot;
          &gt;
            Tipo
          &lt;/label&gt;
          &lt;select
            style=&quot;width: 100%; padding: 8px 12px; border-radius: 8px; border: 1px solid #d1d5db; font-size: 14px;&quot;
          &gt;
            &lt;option
              value=&quot;bug&quot;
            &gt;
              🐛 Bug / Erro
            &lt;/option&gt;
            &lt;option
              value=&quot;feature&quot;
            &gt;
              💡 Sugestão
            &lt;/option&gt;
            &lt;option
              value=&quot;question&quot;
            &gt;
              ❓ Dúvida
            &lt;/option&gt;
            &lt;option
              value=&quot;other&quot;
            &gt;
              💬 Outro
            &lt;/option&gt;
          &lt;/select&gt;
        &lt;/div&gt;
        &lt;div
          style=&quot;margin-bottom: 12px;&quot;
        &gt;
          &lt;label
            style=&quot;display: block; font-size: 13px; margin-bottom: 6px; font-weight: 500;&quot;
          &gt;
            Descrição *
          &lt;/label&gt;
          &lt;textarea
            placeholder=&quot;Descreva o problema ou sugestão...&quot;
            required=&quot;&quot;
            rows=&quot;4&quot;
            style=&quot;width: 100%; padding: 8px 12px; border-radius: 8px; border: 1px solid #d1d5db; font-size: 14px; font-family: inherit; resize: vertical;&quot;
          /&gt;
        &lt;/div&gt;
        &lt;div
          style=&quot;margin-bottom: 16px;&quot;
        &gt;
          &lt;label
            style=&quot;display: block; font-size: 13px; margin-bottom: 6px; font-weight: 500;&quot;
          &gt;
            E-mail (opcional)
          &lt;/label&gt;
          &lt;input
            placeholder=&quot;seu@email.com&quot;
            style=&quot;width: 100%; padding: 8px 12px; border-radius: 8px; border: 1px solid #d1d5db; font-size: 14px;&quot;
            type=&quot;email&quot;
            value=&quot;&quot;
          /&gt;
        &lt;/div&gt;
        &lt;button
          style=&quot;width: 100%; padding: 10px 16px; background: rgb(99, 102, 241); color: white; border-radius: 8px; font-weight: 600; cursor: pointer; opacity: 1; font-size: 14px;&quot;
          type=&quot;submit&quot;
        &gt;
          Enviar Feedback
        &lt;/button&gt;
      &lt;/form&gt;
    &lt;/div&gt;
  &lt;/div&gt;
&lt;/body&gt;
    at Object.getElementError (/home/runner/work/rkmmax-hibrido/rkmmax-hibrido/node_modules/@testing-library/dom/dist/config.js:37:19)
    at getElementError (/home/runner/work/rkmmax-hibrido/rkmmax-hibrido/node_modules/@testing-library/dom/dist/query-helpers.js:20:35)
    at getMultipleElementsFoundError (/home/runner/work/rkmmax-hibrido/rkmmax-hibrido/node_modules/@testing-library/dom/dist/query-helpers.js:23:10)
    at /home/runner/work/rkmmax-hibrido/rkmmax-hibrido/node_modules/@testing-library/dom/dist/query-helpers.js:55:13
    at getByText (/home/runner/work/rkmmax-hibrido/rkmmax-hibrido/node_modules/@testing-library/dom/dist/query-helpers.js:95:19)
    at Object.&lt;anonymous&gt; (/home/runner/work/rkmmax-hibrido/rkmmax-hibrido/src/components/FeedbackButton.test.jsx:45:19)
    at Promise.then.completed (/home/runner/work/rkmmax-hibrido/rkmmax-hibrido/node_modules/jest-circus/build/utils.js:391:28)
    at new Promise (&lt;anonymous&gt;)
    at callAsyncCircusFn (/home/runner/work/rkmmax-hibrido/rkmmax-hibrido/node_modules/jest-circus/build/utils.js:316:10)
    at _callCircusTest (/home/runner/work/rkmmax-hibrido/rkmmax-hibrido/node_modules/jest-circus/build/run.js:218:40)
    at _runTest (/home/runner/work/rkmmax-hibrido/rkmmax-hibrido/node_modules/jest-circus/build/run.js:155:3)
    at _runTestsForDescribeBlock (/home/runner/work/rkmmax-hibrido/rkmmax-hibrido/node_modules/jest-circus/build/run.js:66:9)
    at _runTestsForDescribeBlock (/home/runner/work/rkmmax-hibrido/rkmmax-hibrido/node_modules/jest-circus/build/run.js:60:9)
    at run (/home/runner/work/rkmmax-hibrido/rkmmax-hibrido/node_modules/jest-circus/build/run.js:25:3)
    at runAndTransformResultsToJestFormat (/home/runner/work/rkmmax-hibrido/rkmmax-hibrido/node_modules/jest-circus/build/legacy-code-todo-rewrite/jestAdapterInit.js:170:21)
    at jestAdapter (/home/runner/work/rkmmax-hibrido/rkmmax-hibrido/node_modules/jest-circus/build/legacy-code-todo-rewrite/jestAdapter.js:82:19)
    at runTestInternal (/home/runner/work/rkmmax-hibrido/rkmmax-hibrido/node_modules/jest-runner/build/runTest.js:389:16)
    at runTest (/home/runner/work/rkmmax-hibrido/rkmmax-hibrido/node_modules/jest-runner/build/runTest.js:475:34)
    at TestRunner.runTests (/home/runner/work/rkmmax-hibrido/rkmmax-hibrido/node_modules/jest-runner/build/index.js:101:12)
    at TestScheduler.scheduleTests (/home/runner/work/rkmmax-hibrido/rkmmax-hibrido/node_modules/@jest/core/build/TestScheduler.js:333:13)
    at runJest (/home/runner/work/rkmmax-hibrido/rkmmax-hibrido/node_modules/@jest/core/build/runJest.js:404:19)
    at _run10000 (/home/runner/work/rkmmax-hibrido/rkmmax-hibrido/node_modules/@jest/core/build/cli/index.js:320:7)
    at runCLI (/home/runner/work/rkmmax-hibrido/rkmmax-hibrido/node_modules/@jest/core/build/cli/index.js:173:3)
    at Object.run (/home/runner/work/rkmmax-hibrido/rkmmax-hibrido/node_modules/jest-cli/build/cli/index.js:155:37)</failure>
    </testcase>
    <testcase classname="FeedbackButton Component" name="closes form when close button is clicked" time="0.022">
    </testcase>
    <testcase classname="FeedbackButton Component" name="submits feedback successfully" time="0.039">
    </testcase>
  </testsuite>
</testsuites>