<?xml version="1.0" encoding="UTF-8"?>
<testsuites name="jest tests" tests="128" failures="20" errors="0" time="3.633">
  <testsuite name="AutomationEngine" errors="0" failures="14" skipped="0" timestamp="2026-02-05T13:31:59" time="0.55" tests="25">
    <testcase classname="AutomationEngine ‚Ä∫ initialization" name="deve inicializar com configura√ß√µes padr√£o" time="0.004">
    </testcase>
    <testcase classname="AutomationEngine ‚Ä∫ initialization" name="deve inicializar componentes" time="0.002">
    </testcase>
    <testcase classname="AutomationEngine ‚Ä∫ analyzeCommand" name="deve analisar comando simples" time="0.001">
    </testcase>
    <testcase classname="AutomationEngine ‚Ä∫ analyzeCommand" name="deve detectar tipo de tarefa COMPONENT" time="0.001">
    </testcase>
    <testcase classname="AutomationEngine ‚Ä∫ analyzeCommand" name="deve detectar tipo de tarefa FUNCTION" time="0.001">
    </testcase>
    <testcase classname="AutomationEngine ‚Ä∫ analyzeCommand" name="deve detectar tipo de tarefa TEST" time="0.001">
    </testcase>
    <testcase classname="AutomationEngine ‚Ä∫ analyzeCommand" name="deve detectar tipo de tarefa REFACTOR" time="0.004">
      <failure>Error: expect(received).toBe(expected) // Object.is equality

Expected: &quot;REFACTOR&quot;
Received: &quot;GENERAL&quot;
    at Object.&lt;anonymous&gt; (/home/runner/work/rkmmax-hibrido/rkmmax-hibrido/src/automation/__tests__/AutomationEngine.test.js:84:33)
    at processTicksAndRejections (node:internal/process/task_queues:103:5)</failure>
    </testcase>
    <testcase classname="AutomationEngine ‚Ä∫ analyzeCommand" name="deve extrair keywords do comando" time="0.002">
    </testcase>
    <testcase classname="AutomationEngine ‚Ä∫ generateCode" name="deve gerar c√≥digo" time="0.017">
    </testcase>
    <testcase classname="AutomationEngine ‚Ä∫ generateCode" name="arquivo gerado deve ter conte√∫do" time="0.002">
    </testcase>
    <testcase classname="AutomationEngine ‚Ä∫ validateCode" name="deve validar c√≥digo gerado" time="0.003">
    </testcase>
    <testcase classname="AutomationEngine ‚Ä∫ validateCode" name="deve rejeitar c√≥digo perigoso" time="0.003">
    </testcase>
    <testcase classname="AutomationEngine ‚Ä∫ executeAutomation" name="deve executar automa√ß√£o completa" time="0.013">
      <failure>TypeError: this.auditLogger.logAutomationRequest is not a function
    at AutomationEngine.executeAutomation (/home/runner/work/rkmmax-hibrido/rkmmax-hibrido/src/automation/AutomationEngine.js:47:43)
    at Object.&lt;anonymous&gt; (/home/runner/work/rkmmax-hibrido/rkmmax-hibrido/src/automation/__tests__/AutomationEngine.test.js:169:35)
    at Promise.then.completed (/home/runner/work/rkmmax-hibrido/rkmmax-hibrido/node_modules/jest-circus/build/utils.js:391:28)
    at new Promise (&lt;anonymous&gt;)
    at callAsyncCircusFn (/home/runner/work/rkmmax-hibrido/rkmmax-hibrido/node_modules/jest-circus/build/utils.js:316:10)
    at _callCircusTest (/home/runner/work/rkmmax-hibrido/rkmmax-hibrido/node_modules/jest-circus/build/run.js:218:40)
    at processTicksAndRejections (node:internal/process/task_queues:103:5)
    at _runTest (/home/runner/work/rkmmax-hibrido/rkmmax-hibrido/node_modules/jest-circus/build/run.js:155:3)
    at _runTestsForDescribeBlock (/home/runner/work/rkmmax-hibrido/rkmmax-hibrido/node_modules/jest-circus/build/run.js:66:9)
    at _runTestsForDescribeBlock (/home/runner/work/rkmmax-hibrido/rkmmax-hibrido/node_modules/jest-circus/build/run.js:60:9)
    at _runTestsForDescribeBlock (/home/runner/work/rkmmax-hibrido/rkmmax-hibrido/node_modules/jest-circus/build/run.js:60:9)
    at run (/home/runner/work/rkmmax-hibrido/rkmmax-hibrido/node_modules/jest-circus/build/run.js:25:3)
    at runAndTransformResultsToJestFormat (/home/runner/work/rkmmax-hibrido/rkmmax-hibrido/node_modules/jest-circus/build/legacy-code-todo-rewrite/jestAdapterInit.js:170:21)
    at jestAdapter (/home/runner/work/rkmmax-hibrido/rkmmax-hibrido/node_modules/jest-circus/build/legacy-code-todo-rewrite/jestAdapter.js:82:19)
    at runTestInternal (/home/runner/work/rkmmax-hibrido/rkmmax-hibrido/node_modules/jest-runner/build/runTest.js:389:16)
    at runTest (/home/runner/work/rkmmax-hibrido/rkmmax-hibrido/node_modules/jest-runner/build/runTest.js:475:34)</failure>
    </testcase>
    <testcase classname="AutomationEngine ‚Ä∫ executeAutomation" name="deve retornar automationId" time="0.001">
      <failure>TypeError: this.auditLogger.logAutomationRequest is not a function
    at AutomationEngine.executeAutomation (/home/runner/work/rkmmax-hibrido/rkmmax-hibrido/src/automation/AutomationEngine.js:47:43)
    at Object.&lt;anonymous&gt; (/home/runner/work/rkmmax-hibrido/rkmmax-hibrido/src/automation/__tests__/AutomationEngine.test.js:184:35)
    at Promise.then.completed (/home/runner/work/rkmmax-hibrido/rkmmax-hibrido/node_modules/jest-circus/build/utils.js:391:28)
    at new Promise (&lt;anonymous&gt;)
    at callAsyncCircusFn (/home/runner/work/rkmmax-hibrido/rkmmax-hibrido/node_modules/jest-circus/build/utils.js:316:10)
    at _callCircusTest (/home/runner/work/rkmmax-hibrido/rkmmax-hibrido/node_modules/jest-circus/build/run.js:218:40)
    at processTicksAndRejections (node:internal/process/task_queues:103:5)
    at _runTest (/home/runner/work/rkmmax-hibrido/rkmmax-hibrido/node_modules/jest-circus/build/run.js:155:3)
    at _runTestsForDescribeBlock (/home/runner/work/rkmmax-hibrido/rkmmax-hibrido/node_modules/jest-circus/build/run.js:66:9)
    at _runTestsForDescribeBlock (/home/runner/work/rkmmax-hibrido/rkmmax-hibrido/node_modules/jest-circus/build/run.js:60:9)
    at _runTestsForDescribeBlock (/home/runner/work/rkmmax-hibrido/rkmmax-hibrido/node_modules/jest-circus/build/run.js:60:9)
    at run (/home/runner/work/rkmmax-hibrido/rkmmax-hibrido/node_modules/jest-circus/build/run.js:25:3)
    at runAndTransformResultsToJestFormat (/home/runner/work/rkmmax-hibrido/rkmmax-hibrido/node_modules/jest-circus/build/legacy-code-todo-rewrite/jestAdapterInit.js:170:21)
    at jestAdapter (/home/runner/work/rkmmax-hibrido/rkmmax-hibrido/node_modules/jest-circus/build/legacy-code-todo-rewrite/jestAdapter.js:82:19)
    at runTestInternal (/home/runner/work/rkmmax-hibrido/rkmmax-hibrido/node_modules/jest-runner/build/runTest.js:389:16)
    at runTest (/home/runner/work/rkmmax-hibrido/rkmmax-hibrido/node_modules/jest-runner/build/runTest.js:475:34)</failure>
    </testcase>
    <testcase classname="AutomationEngine ‚Ä∫ executeAutomation" name="deve incluir fases de execu√ß√£o" time="0.001">
      <failure>TypeError: this.auditLogger.logAutomationRequest is not a function
    at AutomationEngine.executeAutomation (/home/runner/work/rkmmax-hibrido/rkmmax-hibrido/src/automation/AutomationEngine.js:47:43)
    at Object.&lt;anonymous&gt; (/home/runner/work/rkmmax-hibrido/rkmmax-hibrido/src/automation/__tests__/AutomationEngine.test.js:197:35)
    at Promise.then.completed (/home/runner/work/rkmmax-hibrido/rkmmax-hibrido/node_modules/jest-circus/build/utils.js:391:28)
    at new Promise (&lt;anonymous&gt;)
    at callAsyncCircusFn (/home/runner/work/rkmmax-hibrido/rkmmax-hibrido/node_modules/jest-circus/build/utils.js:316:10)
    at _callCircusTest (/home/runner/work/rkmmax-hibrido/rkmmax-hibrido/node_modules/jest-circus/build/run.js:218:40)
    at processTicksAndRejections (node:internal/process/task_queues:103:5)
    at _runTest (/home/runner/work/rkmmax-hibrido/rkmmax-hibrido/node_modules/jest-circus/build/run.js:155:3)
    at _runTestsForDescribeBlock (/home/runner/work/rkmmax-hibrido/rkmmax-hibrido/node_modules/jest-circus/build/run.js:66:9)
    at _runTestsForDescribeBlock (/home/runner/work/rkmmax-hibrido/rkmmax-hibrido/node_modules/jest-circus/build/run.js:60:9)
    at _runTestsForDescribeBlock (/home/runner/work/rkmmax-hibrido/rkmmax-hibrido/node_modules/jest-circus/build/run.js:60:9)
    at run (/home/runner/work/rkmmax-hibrido/rkmmax-hibrido/node_modules/jest-circus/build/run.js:25:3)
    at runAndTransformResultsToJestFormat (/home/runner/work/rkmmax-hibrido/rkmmax-hibrido/node_modules/jest-circus/build/legacy-code-todo-rewrite/jestAdapterInit.js:170:21)
    at jestAdapter (/home/runner/work/rkmmax-hibrido/rkmmax-hibrido/node_modules/jest-circus/build/legacy-code-todo-rewrite/jestAdapter.js:82:19)
    at runTestInternal (/home/runner/work/rkmmax-hibrido/rkmmax-hibrido/node_modules/jest-runner/build/runTest.js:389:16)
    at runTest (/home/runner/work/rkmmax-hibrido/rkmmax-hibrido/node_modules/jest-runner/build/runTest.js:475:34)</failure>
    </testcase>
    <testcase classname="AutomationEngine ‚Ä∫ executeAutomation" name="deve bloquear c√≥digo perigoso" time="0.001">
      <failure>TypeError: this.auditLogger.logAutomationRequest is not a function
    at AutomationEngine.executeAutomation (/home/runner/work/rkmmax-hibrido/rkmmax-hibrido/src/automation/AutomationEngine.js:47:43)
    at Object.&lt;anonymous&gt; (/home/runner/work/rkmmax-hibrido/rkmmax-hibrido/src/automation/__tests__/AutomationEngine.test.js:224:35)
    at Promise.then.completed (/home/runner/work/rkmmax-hibrido/rkmmax-hibrido/node_modules/jest-circus/build/utils.js:391:28)
    at new Promise (&lt;anonymous&gt;)
    at callAsyncCircusFn (/home/runner/work/rkmmax-hibrido/rkmmax-hibrido/node_modules/jest-circus/build/utils.js:316:10)
    at _callCircusTest (/home/runner/work/rkmmax-hibrido/rkmmax-hibrido/node_modules/jest-circus/build/run.js:218:40)
    at processTicksAndRejections (node:internal/process/task_queues:103:5)
    at _runTest (/home/runner/work/rkmmax-hibrido/rkmmax-hibrido/node_modules/jest-circus/build/run.js:155:3)
    at _runTestsForDescribeBlock (/home/runner/work/rkmmax-hibrido/rkmmax-hibrido/node_modules/jest-circus/build/run.js:66:9)
    at _runTestsForDescribeBlock (/home/runner/work/rkmmax-hibrido/rkmmax-hibrido/node_modules/jest-circus/build/run.js:60:9)
    at _runTestsForDescribeBlock (/home/runner/work/rkmmax-hibrido/rkmmax-hibrido/node_modules/jest-circus/build/run.js:60:9)
    at run (/home/runner/work/rkmmax-hibrido/rkmmax-hibrido/node_modules/jest-circus/build/run.js:25:3)
    at runAndTransformResultsToJestFormat (/home/runner/work/rkmmax-hibrido/rkmmax-hibrido/node_modules/jest-circus/build/legacy-code-todo-rewrite/jestAdapterInit.js:170:21)
    at jestAdapter (/home/runner/work/rkmmax-hibrido/rkmmax-hibrido/node_modules/jest-circus/build/legacy-code-todo-rewrite/jestAdapter.js:82:19)
    at runTestInternal (/home/runner/work/rkmmax-hibrido/rkmmax-hibrido/node_modules/jest-runner/build/runTest.js:389:16)
    at runTest (/home/runner/work/rkmmax-hibrido/rkmmax-hibrido/node_modules/jest-runner/build/runTest.js:475:34)</failure>
    </testcase>
    <testcase classname="AutomationEngine ‚Ä∫ getAutomationHistory" name="deve retornar hist√≥rico de automa√ß√µes" time="0.001">
      <failure>TypeError: this.auditLogger.searchLogs is not a function
    at AutomationEngine.getAutomationHistory (/home/runner/work/rkmmax-hibrido/rkmmax-hibrido/src/automation/AutomationEngine.js:357:8)
    at Object.&lt;anonymous&gt; (/home/runner/work/rkmmax-hibrido/rkmmax-hibrido/src/automation/__tests__/AutomationEngine.test.js:233:30)
    at Promise.then.completed (/home/runner/work/rkmmax-hibrido/rkmmax-hibrido/node_modules/jest-circus/build/utils.js:391:28)
    at new Promise (&lt;anonymous&gt;)
    at callAsyncCircusFn (/home/runner/work/rkmmax-hibrido/rkmmax-hibrido/node_modules/jest-circus/build/utils.js:316:10)
    at _callCircusTest (/home/runner/work/rkmmax-hibrido/rkmmax-hibrido/node_modules/jest-circus/build/run.js:218:40)
    at processTicksAndRejections (node:internal/process/task_queues:103:5)
    at _runTest (/home/runner/work/rkmmax-hibrido/rkmmax-hibrido/node_modules/jest-circus/build/run.js:155:3)
    at _runTestsForDescribeBlock (/home/runner/work/rkmmax-hibrido/rkmmax-hibrido/node_modules/jest-circus/build/run.js:66:9)
    at _runTestsForDescribeBlock (/home/runner/work/rkmmax-hibrido/rkmmax-hibrido/node_modules/jest-circus/build/run.js:60:9)
    at _runTestsForDescribeBlock (/home/runner/work/rkmmax-hibrido/rkmmax-hibrido/node_modules/jest-circus/build/run.js:60:9)
    at run (/home/runner/work/rkmmax-hibrido/rkmmax-hibrido/node_modules/jest-circus/build/run.js:25:3)
    at runAndTransformResultsToJestFormat (/home/runner/work/rkmmax-hibrido/rkmmax-hibrido/node_modules/jest-circus/build/legacy-code-todo-rewrite/jestAdapterInit.js:170:21)
    at jestAdapter (/home/runner/work/rkmmax-hibrido/rkmmax-hibrido/node_modules/jest-circus/build/legacy-code-todo-rewrite/jestAdapter.js:82:19)
    at runTestInternal (/home/runner/work/rkmmax-hibrido/rkmmax-hibrido/node_modules/jest-runner/build/runTest.js:389:16)
    at runTest (/home/runner/work/rkmmax-hibrido/rkmmax-hibrido/node_modules/jest-runner/build/runTest.js:475:34)</failure>
    </testcase>
    <testcase classname="AutomationEngine ‚Ä∫ getAutomationStats" name="deve retornar estat√≠sticas" time="0.001">
      <failure>TypeError: this.auditLogger.searchLogs is not a function
    at AutomationEngine.getAutomationStats (/home/runner/work/rkmmax-hibrido/rkmmax-hibrido/src/automation/AutomationEngine.js:368:35)
    at Object.&lt;anonymous&gt; (/home/runner/work/rkmmax-hibrido/rkmmax-hibrido/src/automation/__tests__/AutomationEngine.test.js:241:28)
    at Promise.then.completed (/home/runner/work/rkmmax-hibrido/rkmmax-hibrido/node_modules/jest-circus/build/utils.js:391:28)
    at new Promise (&lt;anonymous&gt;)
    at callAsyncCircusFn (/home/runner/work/rkmmax-hibrido/rkmmax-hibrido/node_modules/jest-circus/build/utils.js:316:10)
    at _callCircusTest (/home/runner/work/rkmmax-hibrido/rkmmax-hibrido/node_modules/jest-circus/build/run.js:218:40)
    at processTicksAndRejections (node:internal/process/task_queues:103:5)
    at _runTest (/home/runner/work/rkmmax-hibrido/rkmmax-hibrido/node_modules/jest-circus/build/run.js:155:3)
    at _runTestsForDescribeBlock (/home/runner/work/rkmmax-hibrido/rkmmax-hibrido/node_modules/jest-circus/build/run.js:66:9)
    at _runTestsForDescribeBlock (/home/runner/work/rkmmax-hibrido/rkmmax-hibrido/node_modules/jest-circus/build/run.js:60:9)
    at _runTestsForDescribeBlock (/home/runner/work/rkmmax-hibrido/rkmmax-hibrido/node_modules/jest-circus/build/run.js:60:9)
    at run (/home/runner/work/rkmmax-hibrido/rkmmax-hibrido/node_modules/jest-circus/build/run.js:25:3)
    at runAndTransformResultsToJestFormat (/home/runner/work/rkmmax-hibrido/rkmmax-hibrido/node_modules/jest-circus/build/legacy-code-todo-rewrite/jestAdapterInit.js:170:21)
    at jestAdapter (/home/runner/work/rkmmax-hibrido/rkmmax-hibrido/node_modules/jest-circus/build/legacy-code-todo-rewrite/jestAdapter.js:82:19)
    at runTestInternal (/home/runner/work/rkmmax-hibrido/rkmmax-hibrido/node_modules/jest-runner/build/runTest.js:389:16)
    at runTest (/home/runner/work/rkmmax-hibrido/rkmmax-hibrido/node_modules/jest-runner/build/runTest.js:475:34)</failure>
    </testcase>
    <testcase classname="AutomationEngine ‚Ä∫ Modo H√≠brido" name="deve permitir sele√ß√£o manual de especialista" time="0.001">
      <failure>TypeError: this.auditLogger.logAutomationRequest is not a function
    at AutomationEngine.executeAutomation (/home/runner/work/rkmmax-hibrido/rkmmax-hibrido/src/automation/AutomationEngine.js:47:43)
    at Object.&lt;anonymous&gt; (/home/runner/work/rkmmax-hibrido/rkmmax-hibrido/src/automation/__tests__/AutomationEngine.test.js:260:35)
    at Promise.then.completed (/home/runner/work/rkmmax-hibrido/rkmmax-hibrido/node_modules/jest-circus/build/utils.js:391:28)
    at new Promise (&lt;anonymous&gt;)
    at callAsyncCircusFn (/home/runner/work/rkmmax-hibrido/rkmmax-hibrido/node_modules/jest-circus/build/utils.js:316:10)
    at _callCircusTest (/home/runner/work/rkmmax-hibrido/rkmmax-hibrido/node_modules/jest-circus/build/run.js:218:40)
    at processTicksAndRejections (node:internal/process/task_queues:103:5)
    at _runTest (/home/runner/work/rkmmax-hibrido/rkmmax-hibrido/node_modules/jest-circus/build/run.js:155:3)
    at _runTestsForDescribeBlock (/home/runner/work/rkmmax-hibrido/rkmmax-hibrido/node_modules/jest-circus/build/run.js:66:9)
    at _runTestsForDescribeBlock (/home/runner/work/rkmmax-hibrido/rkmmax-hibrido/node_modules/jest-circus/build/run.js:60:9)
    at _runTestsForDescribeBlock (/home/runner/work/rkmmax-hibrido/rkmmax-hibrido/node_modules/jest-circus/build/run.js:60:9)
    at run (/home/runner/work/rkmmax-hibrido/rkmmax-hibrido/node_modules/jest-circus/build/run.js:25:3)
    at runAndTransformResultsToJestFormat (/home/runner/work/rkmmax-hibrido/rkmmax-hibrido/node_modules/jest-circus/build/legacy-code-todo-rewrite/jestAdapterInit.js:170:21)
    at jestAdapter (/home/runner/work/rkmmax-hibrido/rkmmax-hibrido/node_modules/jest-circus/build/legacy-code-todo-rewrite/jestAdapter.js:82:19)
    at runTestInternal (/home/runner/work/rkmmax-hibrido/rkmmax-hibrido/node_modules/jest-runner/build/runTest.js:389:16)
    at runTest (/home/runner/work/rkmmax-hibrido/rkmmax-hibrido/node_modules/jest-runner/build/runTest.js:475:34)</failure>
    </testcase>
    <testcase classname="AutomationEngine ‚Ä∫ Modo H√≠brido" name="deve usar especialista selecionado em modo HYBRID" time="0.001">
      <failure>TypeError: this.auditLogger.logAutomationRequest is not a function
    at AutomationEngine.executeAutomation (/home/runner/work/rkmmax-hibrido/rkmmax-hibrido/src/automation/AutomationEngine.js:47:43)
    at Object.&lt;anonymous&gt; (/home/runner/work/rkmmax-hibrido/rkmmax-hibrido/src/automation/__tests__/AutomationEngine.test.js:275:35)
    at Promise.then.completed (/home/runner/work/rkmmax-hibrido/rkmmax-hibrido/node_modules/jest-circus/build/utils.js:391:28)
    at new Promise (&lt;anonymous&gt;)
    at callAsyncCircusFn (/home/runner/work/rkmmax-hibrido/rkmmax-hibrido/node_modules/jest-circus/build/utils.js:316:10)
    at _callCircusTest (/home/runner/work/rkmmax-hibrido/rkmmax-hibrido/node_modules/jest-circus/build/run.js:218:40)
    at processTicksAndRejections (node:internal/process/task_queues:103:5)
    at _runTest (/home/runner/work/rkmmax-hibrido/rkmmax-hibrido/node_modules/jest-circus/build/run.js:155:3)
    at _runTestsForDescribeBlock (/home/runner/work/rkmmax-hibrido/rkmmax-hibrido/node_modules/jest-circus/build/run.js:66:9)
    at _runTestsForDescribeBlock (/home/runner/work/rkmmax-hibrido/rkmmax-hibrido/node_modules/jest-circus/build/run.js:60:9)
    at _runTestsForDescribeBlock (/home/runner/work/rkmmax-hibrido/rkmmax-hibrido/node_modules/jest-circus/build/run.js:60:9)
    at run (/home/runner/work/rkmmax-hibrido/rkmmax-hibrido/node_modules/jest-circus/build/run.js:25:3)
    at runAndTransformResultsToJestFormat (/home/runner/work/rkmmax-hibrido/rkmmax-hibrido/node_modules/jest-circus/build/legacy-code-todo-rewrite/jestAdapterInit.js:170:21)
    at jestAdapter (/home/runner/work/rkmmax-hibrido/rkmmax-hibrido/node_modules/jest-circus/build/legacy-code-todo-rewrite/jestAdapter.js:82:19)
    at runTestInternal (/home/runner/work/rkmmax-hibrido/rkmmax-hibrido/node_modules/jest-runner/build/runTest.js:389:16)
    at runTest (/home/runner/work/rkmmax-hibrido/rkmmax-hibrido/node_modules/jest-runner/build/runTest.js:475:34)</failure>
    </testcase>
    <testcase classname="AutomationEngine ‚Ä∫ Modo Otimizado" name="deve selecionar especialista automaticamente em OPTIMIZED" time="0.001">
      <failure>TypeError: this.auditLogger.logAutomationRequest is not a function
    at AutomationEngine.executeAutomation (/home/runner/work/rkmmax-hibrido/rkmmax-hibrido/src/automation/AutomationEngine.js:47:43)
    at Object.&lt;anonymous&gt; (/home/runner/work/rkmmax-hibrido/rkmmax-hibrido/src/automation/__tests__/AutomationEngine.test.js:291:35)
    at Promise.then.completed (/home/runner/work/rkmmax-hibrido/rkmmax-hibrido/node_modules/jest-circus/build/utils.js:391:28)
    at new Promise (&lt;anonymous&gt;)
    at callAsyncCircusFn (/home/runner/work/rkmmax-hibrido/rkmmax-hibrido/node_modules/jest-circus/build/utils.js:316:10)
    at _callCircusTest (/home/runner/work/rkmmax-hibrido/rkmmax-hibrido/node_modules/jest-circus/build/run.js:218:40)
    at processTicksAndRejections (node:internal/process/task_queues:103:5)
    at _runTest (/home/runner/work/rkmmax-hibrido/rkmmax-hibrido/node_modules/jest-circus/build/run.js:155:3)
    at _runTestsForDescribeBlock (/home/runner/work/rkmmax-hibrido/rkmmax-hibrido/node_modules/jest-circus/build/run.js:66:9)
    at _runTestsForDescribeBlock (/home/runner/work/rkmmax-hibrido/rkmmax-hibrido/node_modules/jest-circus/build/run.js:60:9)
    at _runTestsForDescribeBlock (/home/runner/work/rkmmax-hibrido/rkmmax-hibrido/node_modules/jest-circus/build/run.js:60:9)
    at run (/home/runner/work/rkmmax-hibrido/rkmmax-hibrido/node_modules/jest-circus/build/run.js:25:3)
    at runAndTransformResultsToJestFormat (/home/runner/work/rkmmax-hibrido/rkmmax-hibrido/node_modules/jest-circus/build/legacy-code-todo-rewrite/jestAdapterInit.js:170:21)
    at jestAdapter (/home/runner/work/rkmmax-hibrido/rkmmax-hibrido/node_modules/jest-circus/build/legacy-code-todo-rewrite/jestAdapter.js:82:19)
    at runTestInternal (/home/runner/work/rkmmax-hibrido/rkmmax-hibrido/node_modules/jest-runner/build/runTest.js:389:16)
    at runTest (/home/runner/work/rkmmax-hibrido/rkmmax-hibrido/node_modules/jest-runner/build/runTest.js:475:34)</failure>
    </testcase>
    <testcase classname="AutomationEngine ‚Ä∫ Error Handling" name="deve capturar erros durante execu√ß√£o" time="0.001">
      <failure>TypeError: this.auditLogger.logAutomationRequest is not a function
    at AutomationEngine.executeAutomation (/home/runner/work/rkmmax-hibrido/rkmmax-hibrido/src/automation/AutomationEngine.js:47:43)
    at Object.&lt;anonymous&gt; (/home/runner/work/rkmmax-hibrido/rkmmax-hibrido/src/automation/__tests__/AutomationEngine.test.js:312:35)
    at Promise.then.completed (/home/runner/work/rkmmax-hibrido/rkmmax-hibrido/node_modules/jest-circus/build/utils.js:391:28)
    at new Promise (&lt;anonymous&gt;)
    at callAsyncCircusFn (/home/runner/work/rkmmax-hibrido/rkmmax-hibrido/node_modules/jest-circus/build/utils.js:316:10)
    at _callCircusTest (/home/runner/work/rkmmax-hibrido/rkmmax-hibrido/node_modules/jest-circus/build/run.js:218:40)
    at processTicksAndRejections (node:internal/process/task_queues:103:5)
    at _runTest (/home/runner/work/rkmmax-hibrido/rkmmax-hibrido/node_modules/jest-circus/build/run.js:155:3)
    at _runTestsForDescribeBlock (/home/runner/work/rkmmax-hibrido/rkmmax-hibrido/node_modules/jest-circus/build/run.js:66:9)
    at _runTestsForDescribeBlock (/home/runner/work/rkmmax-hibrido/rkmmax-hibrido/node_modules/jest-circus/build/run.js:60:9)
    at _runTestsForDescribeBlock (/home/runner/work/rkmmax-hibrido/rkmmax-hibrido/node_modules/jest-circus/build/run.js:60:9)
    at run (/home/runner/work/rkmmax-hibrido/rkmmax-hibrido/node_modules/jest-circus/build/run.js:25:3)
    at runAndTransformResultsToJestFormat (/home/runner/work/rkmmax-hibrido/rkmmax-hibrido/node_modules/jest-circus/build/legacy-code-todo-rewrite/jestAdapterInit.js:170:21)
    at jestAdapter (/home/runner/work/rkmmax-hibrido/rkmmax-hibrido/node_modules/jest-circus/build/legacy-code-todo-rewrite/jestAdapter.js:82:19)
    at runTestInternal (/home/runner/work/rkmmax-hibrido/rkmmax-hibrido/node_modules/jest-runner/build/runTest.js:389:16)
    at runTest (/home/runner/work/rkmmax-hibrido/rkmmax-hibrido/node_modules/jest-runner/build/runTest.js:475:34)</failure>
    </testcase>
    <testcase classname="AutomationEngine ‚Ä∫ Error Handling" name="deve incluir mensagem de erro" time="0.001">
      <failure>TypeError: this.auditLogger.logAutomationRequest is not a function
    at AutomationEngine.executeAutomation (/home/runner/work/rkmmax-hibrido/rkmmax-hibrido/src/automation/AutomationEngine.js:47:43)
    at Object.&lt;anonymous&gt; (/home/runner/work/rkmmax-hibrido/rkmmax-hibrido/src/automation/__tests__/AutomationEngine.test.js:330:35)
    at Promise.then.completed (/home/runner/work/rkmmax-hibrido/rkmmax-hibrido/node_modules/jest-circus/build/utils.js:391:28)
    at new Promise (&lt;anonymous&gt;)
    at callAsyncCircusFn (/home/runner/work/rkmmax-hibrido/rkmmax-hibrido/node_modules/jest-circus/build/utils.js:316:10)
    at _callCircusTest (/home/runner/work/rkmmax-hibrido/rkmmax-hibrido/node_modules/jest-circus/build/run.js:218:40)
    at processTicksAndRejections (node:internal/process/task_queues:103:5)
    at _runTest (/home/runner/work/rkmmax-hibrido/rkmmax-hibrido/node_modules/jest-circus/build/run.js:155:3)
    at _runTestsForDescribeBlock (/home/runner/work/rkmmax-hibrido/rkmmax-hibrido/node_modules/jest-circus/build/run.js:66:9)
    at _runTestsForDescribeBlock (/home/runner/work/rkmmax-hibrido/rkmmax-hibrido/node_modules/jest-circus/build/run.js:60:9)
    at _runTestsForDescribeBlock (/home/runner/work/rkmmax-hibrido/rkmmax-hibrido/node_modules/jest-circus/build/run.js:60:9)
    at run (/home/runner/work/rkmmax-hibrido/rkmmax-hibrido/node_modules/jest-circus/build/run.js:25:3)
    at runAndTransformResultsToJestFormat (/home/runner/work/rkmmax-hibrido/rkmmax-hibrido/node_modules/jest-circus/build/legacy-code-todo-rewrite/jestAdapterInit.js:170:21)
    at jestAdapter (/home/runner/work/rkmmax-hibrido/rkmmax-hibrido/node_modules/jest-circus/build/legacy-code-todo-rewrite/jestAdapter.js:82:19)
    at runTestInternal (/home/runner/work/rkmmax-hibrido/rkmmax-hibrido/node_modules/jest-runner/build/runTest.js:389:16)
    at runTest (/home/runner/work/rkmmax-hibrido/rkmmax-hibrido/node_modules/jest-runner/build/runTest.js:475:34)</failure>
    </testcase>
    <testcase classname="AutomationEngine ‚Ä∫ Logging" name="deve registrar automa√ß√£o iniciada" time="0.001">
      <failure>TypeError: this.auditLogger.logAutomationRequest is not a function
    at AutomationEngine.executeAutomation (/home/runner/work/rkmmax-hibrido/rkmmax-hibrido/src/automation/AutomationEngine.js:47:43)
    at Object.&lt;anonymous&gt; (/home/runner/work/rkmmax-hibrido/rkmmax-hibrido/src/automation/__tests__/AutomationEngine.test.js:345:35)
    at Promise.then.completed (/home/runner/work/rkmmax-hibrido/rkmmax-hibrido/node_modules/jest-circus/build/utils.js:391:28)
    at new Promise (&lt;anonymous&gt;)
    at callAsyncCircusFn (/home/runner/work/rkmmax-hibrido/rkmmax-hibrido/node_modules/jest-circus/build/utils.js:316:10)
    at _callCircusTest (/home/runner/work/rkmmax-hibrido/rkmmax-hibrido/node_modules/jest-circus/build/run.js:218:40)
    at processTicksAndRejections (node:internal/process/task_queues:103:5)
    at _runTest (/home/runner/work/rkmmax-hibrido/rkmmax-hibrido/node_modules/jest-circus/build/run.js:155:3)
    at _runTestsForDescribeBlock (/home/runner/work/rkmmax-hibrido/rkmmax-hibrido/node_modules/jest-circus/build/run.js:66:9)
    at _runTestsForDescribeBlock (/home/runner/work/rkmmax-hibrido/rkmmax-hibrido/node_modules/jest-circus/build/run.js:60:9)
    at _runTestsForDescribeBlock (/home/runner/work/rkmmax-hibrido/rkmmax-hibrido/node_modules/jest-circus/build/run.js:60:9)
    at run (/home/runner/work/rkmmax-hibrido/rkmmax-hibrido/node_modules/jest-circus/build/run.js:25:3)
    at runAndTransformResultsToJestFormat (/home/runner/work/rkmmax-hibrido/rkmmax-hibrido/node_modules/jest-circus/build/legacy-code-todo-rewrite/jestAdapterInit.js:170:21)
    at jestAdapter (/home/runner/work/rkmmax-hibrido/rkmmax-hibrido/node_modules/jest-circus/build/legacy-code-todo-rewrite/jestAdapter.js:82:19)
    at runTestInternal (/home/runner/work/rkmmax-hibrido/rkmmax-hibrido/node_modules/jest-runner/build/runTest.js:389:16)
    at runTest (/home/runner/work/rkmmax-hibrido/rkmmax-hibrido/node_modules/jest-runner/build/runTest.js:475:34)</failure>
    </testcase>
    <testcase classname="AutomationEngine ‚Ä∫ Logging" name="deve registrar conclus√£o de automa√ß√£o" time="0.001">
      <failure>TypeError: this.auditLogger.logAutomationRequest is not a function
    at AutomationEngine.executeAutomation (/home/runner/work/rkmmax-hibrido/rkmmax-hibrido/src/automation/AutomationEngine.js:47:43)
    at Object.&lt;anonymous&gt; (/home/runner/work/rkmmax-hibrido/rkmmax-hibrido/src/automation/__tests__/AutomationEngine.test.js:358:35)
    at Promise.then.completed (/home/runner/work/rkmmax-hibrido/rkmmax-hibrido/node_modules/jest-circus/build/utils.js:391:28)
    at new Promise (&lt;anonymous&gt;)
    at callAsyncCircusFn (/home/runner/work/rkmmax-hibrido/rkmmax-hibrido/node_modules/jest-circus/build/utils.js:316:10)
    at _callCircusTest (/home/runner/work/rkmmax-hibrido/rkmmax-hibrido/node_modules/jest-circus/build/run.js:218:40)
    at processTicksAndRejections (node:internal/process/task_queues:103:5)
    at _runTest (/home/runner/work/rkmmax-hibrido/rkmmax-hibrido/node_modules/jest-circus/build/run.js:155:3)
    at _runTestsForDescribeBlock (/home/runner/work/rkmmax-hibrido/rkmmax-hibrido/node_modules/jest-circus/build/run.js:66:9)
    at _runTestsForDescribeBlock (/home/runner/work/rkmmax-hibrido/rkmmax-hibrido/node_modules/jest-circus/build/run.js:60:9)
    at _runTestsForDescribeBlock (/home/runner/work/rkmmax-hibrido/rkmmax-hibrido/node_modules/jest-circus/build/run.js:60:9)
    at run (/home/runner/work/rkmmax-hibrido/rkmmax-hibrido/node_modules/jest-circus/build/run.js:25:3)
    at runAndTransformResultsToJestFormat (/home/runner/work/rkmmax-hibrido/rkmmax-hibrido/node_modules/jest-circus/build/legacy-code-todo-rewrite/jestAdapterInit.js:170:21)
    at jestAdapter (/home/runner/work/rkmmax-hibrido/rkmmax-hibrido/node_modules/jest-circus/build/legacy-code-todo-rewrite/jestAdapter.js:82:19)
    at runTestInternal (/home/runner/work/rkmmax-hibrido/rkmmax-hibrido/node_modules/jest-runner/build/runTest.js:389:16)
    at runTest (/home/runner/work/rkmmax-hibrido/rkmmax-hibrido/node_modules/jest-runner/build/runTest.js:475:34)</failure>
    </testcase>
  </testsuite>
  <testsuite name="FeedbackButton Component" errors="0" failures="1" skipped="0" timestamp="2026-02-05T13:31:59" time="0.431" tests="4">
    <testcase classname="FeedbackButton Component" name="renders feedback button" time="0.06">
    </testcase>
    <testcase classname="FeedbackButton Component" name="opens feedback form when button is clicked" time="0.034">
      <failure>TestingLibraryElementError: Found multiple elements with the text: /enviar feedback/i

Here are the matching elements:

Ignored nodes: comments, script, style
&lt;h3
  style=&quot;margin: 0px; font-size: 16px;&quot;
&gt;
  Enviar Feedback
&lt;/h3&gt;

Ignored nodes: comments, script, style
&lt;button
  style=&quot;width: 100%; padding: 10px 16px; background: rgb(99, 102, 241); color: white; border-radius: 8px; font-weight: 600; cursor: pointer; opacity: 1; font-size: 14px;&quot;
  type=&quot;submit&quot;
&gt;
  Enviar Feedback
&lt;/button&gt;

(If this is intentional, then use the `*AllBy*` variant of the query (like `queryAllByText`, `getAllByText`, or `findAllByText`)).

Ignored nodes: comments, script, style
&lt;body&gt;
  &lt;div&gt;
    &lt;div
      class=&quot;feedback-overlay&quot;
      style=&quot;position: fixed; right: 16px; width: 360px; max-width: calc(100vw - 40px); background: white; border: 1px solid #e5e7eb; border-radius: 12px; box-shadow: 0 10px 40px rgba(0, 0, 0, 0.15); padding: 20px; z-index: 60; pointer-events: auto;&quot;
    &gt;
      &lt;form&gt;
        &lt;div
          style=&quot;display: flex; justify-content: space-between; margin-bottom: 12px;&quot;
        &gt;
          &lt;h3
            style=&quot;margin: 0px; font-size: 16px;&quot;
          &gt;
            Enviar Feedback
          &lt;/h3&gt;
          &lt;button
            aria-label=&quot;Fechar&quot;
            style=&quot;background: none; font-size: 20px; cursor: pointer; padding: 0px; opacity: 0.6;&quot;
            type=&quot;button&quot;
          &gt;
            √ó
          &lt;/button&gt;
        &lt;/div&gt;
        &lt;div
          style=&quot;margin-bottom: 12px;&quot;
        &gt;
          &lt;label
            style=&quot;display: block; font-size: 13px; margin-bottom: 6px; font-weight: 500;&quot;
          &gt;
            Tipo
          &lt;/label&gt;
          &lt;select
            style=&quot;width: 100%; padding: 8px 12px; border-radius: 8px; border: 1px solid #d1d5db; font-size: 14px;&quot;
          &gt;
            &lt;option
              value=&quot;bug&quot;
            &gt;
              üêõ Bug / Erro
            &lt;/option&gt;
            &lt;option
              value=&quot;feature&quot;
            &gt;
              üí° Sugest√£o
            &lt;/option&gt;
            &lt;option
              value=&quot;question&quot;
            &gt;
              ‚ùì D√∫vida
            &lt;/option&gt;
            &lt;option
              value=&quot;other&quot;
            &gt;
              üí¨ Outro
            &lt;/option&gt;
          &lt;/select&gt;
        &lt;/div&gt;
        &lt;div
          style=&quot;margin-bottom: 12px;&quot;
        &gt;
          &lt;label
            style=&quot;display: block; font-size: 13px; margin-bottom: 6px; font-weight: 500;&quot;
          &gt;
            Descri√ß√£o *
          &lt;/label&gt;
          &lt;textarea
            placeholder=&quot;Descreva o problema ou sugest√£o...&quot;
            required=&quot;&quot;
            rows=&quot;4&quot;
            style=&quot;width: 100%; padding: 8px 12px; border-radius: 8px; border: 1px solid #d1d5db; font-size: 14px; font-family: inherit; resize: vertical;&quot;
          /&gt;
        &lt;/div&gt;
        &lt;div
          style=&quot;margin-bottom: 16px;&quot;
        &gt;
          &lt;label
            style=&quot;display: block; font-size: 13px; margin-bottom: 6px; font-weight: 500;&quot;
          &gt;
            E-mail (opcional)
          &lt;/label&gt;
          &lt;input
            placeholder=&quot;seu@email.com&quot;
            style=&quot;width: 100%; padding: 8px 12px; border-radius: 8px; border: 1px solid #d1d5db; font-size: 14px;&quot;
            type=&quot;email&quot;
            value=&quot;&quot;
          /&gt;
        &lt;/div&gt;
        &lt;button
          style=&quot;width: 100%; padding: 10px 16px; background: rgb(99, 102, 241); color: white; border-radius: 8px; font-weight: 600; cursor: pointer; opacity: 1; font-size: 14px;&quot;
          type=&quot;submit&quot;
        &gt;
          Enviar Feedback
        &lt;/button&gt;
      &lt;/form&gt;
    &lt;/div&gt;
  &lt;/div&gt;
&lt;/body&gt;
    at Object.getElementError (/home/runner/work/rkmmax-hibrido/rkmmax-hibrido/node_modules/@testing-library/dom/dist/config.js:37:19)
    at getElementError (/home/runner/work/rkmmax-hibrido/rkmmax-hibrido/node_modules/@testing-library/dom/dist/query-helpers.js:20:35)
    at getMultipleElementsFoundError (/home/runner/work/rkmmax-hibrido/rkmmax-hibrido/node_modules/@testing-library/dom/dist/query-helpers.js:23:10)
    at /home/runner/work/rkmmax-hibrido/rkmmax-hibrido/node_modules/@testing-library/dom/dist/query-helpers.js:55:13
    at getByText (/home/runner/work/rkmmax-hibrido/rkmmax-hibrido/node_modules/@testing-library/dom/dist/query-helpers.js:95:19)
    at Object.&lt;anonymous&gt; (/home/runner/work/rkmmax-hibrido/rkmmax-hibrido/src/components/FeedbackButton.test.jsx:42:19)
    at Promise.then.completed (/home/runner/work/rkmmax-hibrido/rkmmax-hibrido/node_modules/jest-circus/build/utils.js:391:28)
    at new Promise (&lt;anonymous&gt;)
    at callAsyncCircusFn (/home/runner/work/rkmmax-hibrido/rkmmax-hibrido/node_modules/jest-circus/build/utils.js:316:10)
    at _callCircusTest (/home/runner/work/rkmmax-hibrido/rkmmax-hibrido/node_modules/jest-circus/build/run.js:218:40)
    at _runTest (/home/runner/work/rkmmax-hibrido/rkmmax-hibrido/node_modules/jest-circus/build/run.js:155:3)
    at _runTestsForDescribeBlock (/home/runner/work/rkmmax-hibrido/rkmmax-hibrido/node_modules/jest-circus/build/run.js:66:9)
    at _runTestsForDescribeBlock (/home/runner/work/rkmmax-hibrido/rkmmax-hibrido/node_modules/jest-circus/build/run.js:60:9)
    at run (/home/runner/work/rkmmax-hibrido/rkmmax-hibrido/node_modules/jest-circus/build/run.js:25:3)
    at runAndTransformResultsToJestFormat (/home/runner/work/rkmmax-hibrido/rkmmax-hibrido/node_modules/jest-circus/build/legacy-code-todo-rewrite/jestAdapterInit.js:170:21)
    at jestAdapter (/home/runner/work/rkmmax-hibrido/rkmmax-hibrido/node_modules/jest-circus/build/legacy-code-todo-rewrite/jestAdapter.js:82:19)
    at runTestInternal (/home/runner/work/rkmmax-hibrido/rkmmax-hibrido/node_modules/jest-runner/build/runTest.js:389:16)
    at runTest (/home/runner/work/rkmmax-hibrido/rkmmax-hibrido/node_modules/jest-runner/build/runTest.js:475:34)</failure>
    </testcase>
    <testcase classname="FeedbackButton Component" name="closes form when close button is clicked" time="0.029">
    </testcase>
    <testcase classname="FeedbackButton Component" name="submits feedback successfully" time="0.05">
    </testcase>
  </testsuite>
  <testsuite name="MultimodalProcessor" errors="0" failures="1" skipped="0" timestamp="2026-02-05T13:32:00" time="0.207" tests="33">
    <testcase classname="MultimodalProcessor ‚Ä∫ Audio Processing ‚Ä∫ validateAudioFile" name="deve aceitar formato MP3" time="0.002">
    </testcase>
    <testcase classname="MultimodalProcessor ‚Ä∫ Audio Processing ‚Ä∫ validateAudioFile" name="deve aceitar formato WAV" time="0.001">
    </testcase>
    <testcase classname="MultimodalProcessor ‚Ä∫ Audio Processing ‚Ä∫ validateAudioFile" name="deve rejeitar formato inv√°lido" time="0.001">
    </testcase>
    <testcase classname="MultimodalProcessor ‚Ä∫ Audio Processing ‚Ä∫ validateAudioFile" name="deve rejeitar arquivo muito grande" time="0.001">
    </testcase>
    <testcase classname="MultimodalProcessor ‚Ä∫ Audio Processing ‚Ä∫ processAudio" name="deve processar √°udio v√°lido" time="0.006">
    </testcase>
    <testcase classname="MultimodalProcessor ‚Ä∫ Audio Processing ‚Ä∫ processAudio" name="deve rejeitar formato n√£o suportado" time="0.013">
    </testcase>
    <testcase classname="MultimodalProcessor ‚Ä∫ Audio Processing ‚Ä∫ processAudio" name="deve rejeitar arquivo muito grande" time="0.003">
    </testcase>
    <testcase classname="MultimodalProcessor ‚Ä∫ Audio Processing ‚Ä∫ estimateAudioDuration" name="deve estimar dura√ß√£o do √°udio" time="0.001">
    </testcase>
    <testcase classname="MultimodalProcessor ‚Ä∫ Image Processing ‚Ä∫ validateImageFile" name="deve aceitar formato PNG" time="0.001">
    </testcase>
    <testcase classname="MultimodalProcessor ‚Ä∫ Image Processing ‚Ä∫ validateImageFile" name="deve aceitar formato JPG" time="0.001">
    </testcase>
    <testcase classname="MultimodalProcessor ‚Ä∫ Image Processing ‚Ä∫ validateImageFile" name="deve rejeitar formato inv√°lido" time="0.001">
    </testcase>
    <testcase classname="MultimodalProcessor ‚Ä∫ Image Processing ‚Ä∫ validateImageFile" name="deve rejeitar arquivo muito grande" time="0.001">
    </testcase>
    <testcase classname="MultimodalProcessor ‚Ä∫ Image Processing ‚Ä∫ processImage" name="deve processar imagem v√°lida" time="0.002">
    </testcase>
    <testcase classname="MultimodalProcessor ‚Ä∫ Image Processing ‚Ä∫ processImage" name="deve rejeitar formato n√£o suportado" time="0.002">
    </testcase>
    <testcase classname="MultimodalProcessor ‚Ä∫ Image Processing ‚Ä∫ extractTextFromImage" name="deve extrair texto da imagem" time="0.002">
    </testcase>
    <testcase classname="MultimodalProcessor ‚Ä∫ Image Processing ‚Ä∫ extractTextFromImage" name="deve retornar sucesso false quando nenhum texto √© encontrado" time="0.002">
    </testcase>
    <testcase classname="MultimodalProcessor ‚Ä∫ Image Processing ‚Ä∫ describeImage" name="deve descrever imagem" time="0.002">
    </testcase>
    <testcase classname="MultimodalProcessor ‚Ä∫ Image Processing ‚Ä∫ detectCodeInImage" name="deve detectar c√≥digo em imagem" time="0.003">
    </testcase>
    <testcase classname="MultimodalProcessor ‚Ä∫ Image Processing ‚Ä∫ detectCodeInImage" name="deve identificar linguagem JavaScript" time="0.002">
    </testcase>
    <testcase classname="MultimodalProcessor ‚Ä∫ Image Processing ‚Ä∫ detectCodeInImage" name="deve identificar linguagem Python" time="0.001">
    </testcase>
    <testcase classname="MultimodalProcessor ‚Ä∫ Image Processing ‚Ä∫ detectCodeInImage" name="deve identificar linguagem SQL" time="0.002">
    </testcase>
    <testcase classname="MultimodalProcessor ‚Ä∫ Image Processing ‚Ä∫ detectProgrammingLanguage" name="deve detectar JavaScript" time="0.001">
    </testcase>
    <testcase classname="MultimodalProcessor ‚Ä∫ Image Processing ‚Ä∫ detectProgrammingLanguage" name="deve detectar Python" time="0.001">
    </testcase>
    <testcase classname="MultimodalProcessor ‚Ä∫ Image Processing ‚Ä∫ detectProgrammingLanguage" name="deve detectar Java" time="0.002">
      <failure>Error: expect(received).toBe(expected) // Object.is equality

Expected: &quot;java&quot;
Received: &quot;python&quot;
    at Object.&lt;anonymous&gt; (/home/runner/work/rkmmax-hibrido/rkmmax-hibrido/src/automation/__tests__/MultimodalProcessor.test.js:268:26)
    at Promise.then.completed (/home/runner/work/rkmmax-hibrido/rkmmax-hibrido/node_modules/jest-circus/build/utils.js:391:28)
    at new Promise (&lt;anonymous&gt;)
    at callAsyncCircusFn (/home/runner/work/rkmmax-hibrido/rkmmax-hibrido/node_modules/jest-circus/build/utils.js:316:10)
    at _callCircusTest (/home/runner/work/rkmmax-hibrido/rkmmax-hibrido/node_modules/jest-circus/build/run.js:218:40)
    at _runTest (/home/runner/work/rkmmax-hibrido/rkmmax-hibrido/node_modules/jest-circus/build/run.js:155:3)
    at _runTestsForDescribeBlock (/home/runner/work/rkmmax-hibrido/rkmmax-hibrido/node_modules/jest-circus/build/run.js:66:9)
    at _runTestsForDescribeBlock (/home/runner/work/rkmmax-hibrido/rkmmax-hibrido/node_modules/jest-circus/build/run.js:60:9)
    at _runTestsForDescribeBlock (/home/runner/work/rkmmax-hibrido/rkmmax-hibrido/node_modules/jest-circus/build/run.js:60:9)
    at _runTestsForDescribeBlock (/home/runner/work/rkmmax-hibrido/rkmmax-hibrido/node_modules/jest-circus/build/run.js:60:9)
    at run (/home/runner/work/rkmmax-hibrido/rkmmax-hibrido/node_modules/jest-circus/build/run.js:25:3)
    at runAndTransformResultsToJestFormat (/home/runner/work/rkmmax-hibrido/rkmmax-hibrido/node_modules/jest-circus/build/legacy-code-todo-rewrite/jestAdapterInit.js:170:21)
    at jestAdapter (/home/runner/work/rkmmax-hibrido/rkmmax-hibrido/node_modules/jest-circus/build/legacy-code-todo-rewrite/jestAdapter.js:82:19)
    at runTestInternal (/home/runner/work/rkmmax-hibrido/rkmmax-hibrido/node_modules/jest-runner/build/runTest.js:389:16)
    at runTest (/home/runner/work/rkmmax-hibrido/rkmmax-hibrido/node_modules/jest-runner/build/runTest.js:475:34)</failure>
    </testcase>
    <testcase classname="MultimodalProcessor ‚Ä∫ Image Processing ‚Ä∫ detectProgrammingLanguage" name="deve detectar SQL" time="0.001">
    </testcase>
    <testcase classname="MultimodalProcessor ‚Ä∫ Image Processing ‚Ä∫ detectProgrammingLanguage" name="deve retornar null para linguagem desconhecida" time="0.001">
    </testcase>
    <testcase classname="MultimodalProcessor ‚Ä∫ Multimodal Processing" name="deve processar √°udio e imagem simultaneamente" time="0.002">
    </testcase>
    <testcase classname="MultimodalProcessor ‚Ä∫ Multimodal Processing" name="deve combinar resultados corretamente" time="0.002">
    </testcase>
    <testcase classname="MultimodalProcessor ‚Ä∫ Support Information" name="deve retornar informa√ß√µes de suporte" time="0.001">
    </testcase>
    <testcase classname="MultimodalProcessor ‚Ä∫ Support Information" name="deve incluir tamanho m√°ximo de arquivo" time="0.002">
    </testcase>
    <testcase classname="MultimodalProcessor ‚Ä∫ Support Information" name="deve listar features dispon√≠veis" time="0.001">
    </testcase>
    <testcase classname="MultimodalProcessor ‚Ä∫ Error Handling" name="deve lan√ßar erro para √°udio inv√°lido" time="0.002">
    </testcase>
    <testcase classname="MultimodalProcessor ‚Ä∫ Error Handling" name="deve lan√ßar erro para imagem inv√°lida" time="0.002">
    </testcase>
  </testsuite>
  <testsuite name="SecurityValidator" errors="0" failures="4" skipped="0" timestamp="2026-02-05T13:32:00" time="0.171" tests="25">
    <testcase classname="SecurityValidator ‚Ä∫ validateCode" name="deve aceitar c√≥digo JavaScript v√°lido" time="0.002">
    </testcase>
    <testcase classname="SecurityValidator ‚Ä∫ validateCode" name="deve rejeitar c√≥digo com rm -rf" time="0.001">
    </testcase>
    <testcase classname="SecurityValidator ‚Ä∫ validateCode" name="deve rejeitar c√≥digo com DROP TABLE" time="0.001">
    </testcase>
    <testcase classname="SecurityValidator ‚Ä∫ validateCode" name="deve detectar credenciais expostas" time="0.002">
      <failure>Error: expect(received).toBe(expected) // Object.is equality

Expected: false
Received: true
    at Object.&lt;anonymous&gt; (/home/runner/work/rkmmax-hibrido/rkmmax-hibrido/src/automation/__tests__/SecurityValidator.test.js:62:30)</failure>
    </testcase>
    <testcase classname="SecurityValidator ‚Ä∫ validateCode" name="deve rejeitar arquivo com extens√£o n√£o permitida" time="0.001">
    </testcase>
    <testcase classname="SecurityValidator ‚Ä∫ validateCode" name="deve rejeitar modifica√ß√£o de arquivo cr√≠tico" time="0.001">
      <failure>Error: expect(received).toBe(expected) // Object.is equality

Expected: &quot;CRITICAL_FILE_MODIFICATION&quot;
Received: &quot;INVALID_FILE_EXTENSION&quot;
    at Object.&lt;anonymous&gt; (/home/runner/work/rkmmax-hibrido/rkmmax-hibrido/src/automation/__tests__/SecurityValidator.test.js:81:37)</failure>
    </testcase>
    <testcase classname="SecurityValidator ‚Ä∫ validateCode" name="deve avisar sobre console.log em produ√ß√£o" time="0.001">
    </testcase>
    <testcase classname="SecurityValidator ‚Ä∫ validateCode" name="deve avisar sobre TODO/FIXME" time="0.001">
    </testcase>
    <testcase classname="SecurityValidator ‚Ä∫ validateCode" name="deve detectar chaves desbalanceadas" time="0.001">
    </testcase>
    <testcase classname="SecurityValidator ‚Ä∫ validateCode" name="deve validar JSON v√°lido" time="0.001">
    </testcase>
    <testcase classname="SecurityValidator ‚Ä∫ validateCode" name="deve rejeitar JSON inv√°lido" time="0.001">
    </testcase>
    <testcase classname="SecurityValidator ‚Ä∫ validateFiles" name="deve validar m√∫ltiplos arquivos" time="0.001">
    </testcase>
    <testcase classname="SecurityValidator ‚Ä∫ validateFiles" name="deve bloquear se um arquivo for inv√°lido" time="0.001">
    </testcase>
    <testcase classname="SecurityValidator ‚Ä∫ checkBlockedPatterns" name="deve detectar padr√µes destrutivos" time="0.001">
    </testcase>
    <testcase classname="SecurityValidator ‚Ä∫ checkBlockedPatterns" name="deve detectar c√≥digo malicioso" time="0.001">
    </testcase>
    <testcase classname="SecurityValidator ‚Ä∫ checkBlockedPatterns" name="deve detectar acesso a arquivos cr√≠ticos" time="0.001">
    </testcase>
    <testcase classname="SecurityValidator ‚Ä∫ checkCredentials" name="deve detectar API keys" time="0.001">
      <failure>Error: expect(received).toBeGreaterThan(expected)

Expected: &gt; 0
Received:   0
    at Object.&lt;anonymous&gt; (/home/runner/work/rkmmax-hibrido/rkmmax-hibrido/src/automation/__tests__/SecurityValidator.test.js:206:35)
    at Promise.then.completed (/home/runner/work/rkmmax-hibrido/rkmmax-hibrido/node_modules/jest-circus/build/utils.js:391:28)
    at new Promise (&lt;anonymous&gt;)
    at callAsyncCircusFn (/home/runner/work/rkmmax-hibrido/rkmmax-hibrido/node_modules/jest-circus/build/utils.js:316:10)
    at _callCircusTest (/home/runner/work/rkmmax-hibrido/rkmmax-hibrido/node_modules/jest-circus/build/run.js:218:40)
    at _runTest (/home/runner/work/rkmmax-hibrido/rkmmax-hibrido/node_modules/jest-circus/build/run.js:155:3)
    at _runTestsForDescribeBlock (/home/runner/work/rkmmax-hibrido/rkmmax-hibrido/node_modules/jest-circus/build/run.js:66:9)
    at _runTestsForDescribeBlock (/home/runner/work/rkmmax-hibrido/rkmmax-hibrido/node_modules/jest-circus/build/run.js:60:9)
    at _runTestsForDescribeBlock (/home/runner/work/rkmmax-hibrido/rkmmax-hibrido/node_modules/jest-circus/build/run.js:60:9)
    at run (/home/runner/work/rkmmax-hibrido/rkmmax-hibrido/node_modules/jest-circus/build/run.js:25:3)
    at runAndTransformResultsToJestFormat (/home/runner/work/rkmmax-hibrido/rkmmax-hibrido/node_modules/jest-circus/build/legacy-code-todo-rewrite/jestAdapterInit.js:170:21)
    at jestAdapter (/home/runner/work/rkmmax-hibrido/rkmmax-hibrido/node_modules/jest-circus/build/legacy-code-todo-rewrite/jestAdapter.js:82:19)
    at runTestInternal (/home/runner/work/rkmmax-hibrido/rkmmax-hibrido/node_modules/jest-runner/build/runTest.js:389:16)
    at runTest (/home/runner/work/rkmmax-hibrido/rkmmax-hibrido/node_modules/jest-runner/build/runTest.js:475:34)</failure>
    </testcase>
    <testcase classname="SecurityValidator ‚Ä∫ checkCredentials" name="deve detectar tokens GitHub" time="0.001">
      <failure>Error: expect(received).toBeGreaterThan(expected)

Expected: &gt; 0
Received:   0
    at Object.&lt;anonymous&gt; (/home/runner/work/rkmmax-hibrido/rkmmax-hibrido/src/automation/__tests__/SecurityValidator.test.js:213:35)
    at Promise.then.completed (/home/runner/work/rkmmax-hibrido/rkmmax-hibrido/node_modules/jest-circus/build/utils.js:391:28)
    at new Promise (&lt;anonymous&gt;)
    at callAsyncCircusFn (/home/runner/work/rkmmax-hibrido/rkmmax-hibrido/node_modules/jest-circus/build/utils.js:316:10)
    at _callCircusTest (/home/runner/work/rkmmax-hibrido/rkmmax-hibrido/node_modules/jest-circus/build/run.js:218:40)
    at _runTest (/home/runner/work/rkmmax-hibrido/rkmmax-hibrido/node_modules/jest-circus/build/run.js:155:3)
    at _runTestsForDescribeBlock (/home/runner/work/rkmmax-hibrido/rkmmax-hibrido/node_modules/jest-circus/build/run.js:66:9)
    at _runTestsForDescribeBlock (/home/runner/work/rkmmax-hibrido/rkmmax-hibrido/node_modules/jest-circus/build/run.js:60:9)
    at _runTestsForDescribeBlock (/home/runner/work/rkmmax-hibrido/rkmmax-hibrido/node_modules/jest-circus/build/run.js:60:9)
    at run (/home/runner/work/rkmmax-hibrido/rkmmax-hibrido/node_modules/jest-circus/build/run.js:25:3)
    at runAndTransformResultsToJestFormat (/home/runner/work/rkmmax-hibrido/rkmmax-hibrido/node_modules/jest-circus/build/legacy-code-todo-rewrite/jestAdapterInit.js:170:21)
    at jestAdapter (/home/runner/work/rkmmax-hibrido/rkmmax-hibrido/node_modules/jest-circus/build/legacy-code-todo-rewrite/jestAdapter.js:82:19)
    at runTestInternal (/home/runner/work/rkmmax-hibrido/rkmmax-hibrido/node_modules/jest-runner/build/runTest.js:389:16)
    at runTest (/home/runner/work/rkmmax-hibrido/rkmmax-hibrido/node_modules/jest-runner/build/runTest.js:475:34)</failure>
    </testcase>
    <testcase classname="SecurityValidator ‚Ä∫ checkSyntax" name="deve validar sintaxe JavaScript" time="0.001">
    </testcase>
    <testcase classname="SecurityValidator ‚Ä∫ checkSyntax" name="deve detectar chaves desbalanceadas" time="0.001">
    </testcase>
    <testcase classname="SecurityValidator ‚Ä∫ generateSecurityReport" name="deve gerar relat√≥rio de seguran√ßa" time="0.001">
    </testcase>
    <testcase classname="SecurityValidator ‚Ä∫ isAllowedExtension" name="deve permitir extens√µes v√°lidas" time="0.001">
    </testcase>
    <testcase classname="SecurityValidator ‚Ä∫ isAllowedExtension" name="deve rejeitar extens√µes inv√°lidas" time="0.001">
    </testcase>
    <testcase classname="SecurityValidator ‚Ä∫ isCriticalFile" name="deve identificar arquivos cr√≠ticos" time="0">
    </testcase>
    <testcase classname="SecurityValidator ‚Ä∫ isCriticalFile" name="deve permitir arquivos normais" time="0">
    </testcase>
  </testsuite>
  <testsuite name="CreditCalculator" errors="0" failures="0" skipped="0" timestamp="2026-02-05T13:32:00" time="0.175" tests="41">
    <testcase classname="CreditCalculator ‚Ä∫ calculateAutomationCost" name="deve calcular custo para modo MANUAL" time="0.002">
    </testcase>
    <testcase classname="CreditCalculator ‚Ä∫ calculateAutomationCost" name="deve calcular custo para modo HYBRID" time="0.001">
    </testcase>
    <testcase classname="CreditCalculator ‚Ä∫ calculateAutomationCost" name="deve calcular custo para modo OPTIMIZED" time="0.001">
    </testcase>
    <testcase classname="CreditCalculator ‚Ä∫ calculateAutomationCost" name="custo OPTIMIZED deve ser maior que MANUAL" time="0">
    </testcase>
    <testcase classname="CreditCalculator ‚Ä∫ calculateAutomationCost" name="deve incluir breakdown de custos" time="0.001">
    </testcase>
    <testcase classname="CreditCalculator ‚Ä∫ estimateAICost" name="deve estimar custo com Gemini 2.0 Flash" time="0.001">
    </testcase>
    <testcase classname="CreditCalculator ‚Ä∫ estimateAICost" name="deve estimar custo com Gemini 2.5 Pro" time="0.001">
    </testcase>
    <testcase classname="CreditCalculator ‚Ä∫ estimateAICost" name="custo Gemini Pro deve ser maior que Flash" time="0.001">
    </testcase>
    <testcase classname="CreditCalculator ‚Ä∫ costToCredits" name="deve converter custo em cr√©ditos" time="0.001">
    </testcase>
    <testcase classname="CreditCalculator ‚Ä∫ costToCredits" name="deve arredondar para cima" time="0.001">
    </testcase>
    <testcase classname="CreditCalculator ‚Ä∫ calculateSellingPrice" name="deve calcular pre√ßo com 60% de margem" time="0.001">
    </testcase>
    <testcase classname="CreditCalculator ‚Ä∫ calculateSellingPrice" name="deve calcular pre√ßo com 40% de margem" time="0.001">
    </testcase>
    <testcase classname="CreditCalculator ‚Ä∫ calculateSellingPrice" name="margem 60% deve resultar em pre√ßo maior que 40%" time="0.001">
    </testcase>
    <testcase classname="CreditCalculator ‚Ä∫ getPlanInfo" name="deve retornar informa√ß√µes do plano B√°sico" time="0.001">
    </testcase>
    <testcase classname="CreditCalculator ‚Ä∫ getPlanInfo" name="deve retornar informa√ß√µes do plano Premium" time="0.001">
    </testcase>
    <testcase classname="CreditCalculator ‚Ä∫ getPlanInfo" name="deve retornar null para plano inv√°lido" time="0.001">
    </testcase>
    <testcase classname="CreditCalculator ‚Ä∫ listAllPlans" name="deve listar todos os planos" time="0.001">
    </testcase>
    <testcase classname="CreditCalculator ‚Ä∫ listAllPlans" name="cada plano deve ter informa√ß√µes obrigat√≥rias" time="0.002">
    </testcase>
    <testcase classname="CreditCalculator ‚Ä∫ checkDailyLimit" name="deve permitir uso dentro do limite" time="0.001">
    </testcase>
    <testcase classname="CreditCalculator ‚Ä∫ checkDailyLimit" name="deve bloquear quando limite de automa√ß√µes √© atingido" time="0.002">
    </testcase>
    <testcase classname="CreditCalculator ‚Ä∫ checkDailyLimit" name="deve bloquear quando limite de cr√©ditos √© atingido" time="0.001">
    </testcase>
    <testcase classname="CreditCalculator ‚Ä∫ checkDailyLimit" name="plano gratuito n√£o deve ter limite" time="0.001">
    </testcase>
    <testcase classname="CreditCalculator ‚Ä∫ canUseSpecialist" name="deve permitir especialista no plano Premium" time="0.001">
    </testcase>
    <testcase classname="CreditCalculator ‚Ä∫ canUseSpecialist" name="deve bloquear especialista no plano B√°sico" time="0.001">
    </testcase>
    <testcase classname="CreditCalculator ‚Ä∫ canUseSpecialist" name="deve permitir 10 especialistas no plano B√°sico" time="0.001">
    </testcase>
    <testcase classname="CreditCalculator ‚Ä∫ canUseMode" name="deve permitir MANUAL em todos os planos" time="0.001">
    </testcase>
    <testcase classname="CreditCalculator ‚Ä∫ canUseMode" name="deve permitir OPTIMIZED apenas em planos intermedi√°rios" time="0.001">
    </testcase>
    <testcase classname="CreditCalculator ‚Ä∫ getRemainingCreditsToday" name="deve calcular cr√©ditos restantes" time="0.001">
    </testcase>
    <testcase classname="CreditCalculator ‚Ä∫ getRemainingCreditsToday" name="deve retornar 0 quando limite √© atingido" time="0.001">
    </testcase>
    <testcase classname="CreditCalculator ‚Ä∫ getRemainingCreditsToday" name="plano gratuito deve retornar -1 (sem limite)" time="0.001">
    </testcase>
    <testcase classname="CreditCalculator ‚Ä∫ calculatePlanPrices" name="deve calcular pre√ßos para todos os planos" time="0.001">
    </testcase>
    <testcase classname="CreditCalculator ‚Ä∫ calculatePlanPrices" name="pre√ßo calculado deve respeitar margem" time="0.001">
    </testcase>
    <testcase classname="CreditCalculator ‚Ä∫ generatePricingReport" name="deve gerar relat√≥rio de pre√ßos" time="0.001">
    </testcase>
    <testcase classname="CreditCalculator ‚Ä∫ generatePricingReport" name="relat√≥rio deve incluir receita mensal" time="0.002">
    </testcase>
    <testcase classname="CreditCalculator ‚Ä∫ Margens de Lucro" name="Plano B√°sico deve ter 60% de margem" time="0">
    </testcase>
    <testcase classname="CreditCalculator ‚Ä∫ Margens de Lucro" name="Plano Intermedi√°rio deve ter 40% de margem" time="0">
    </testcase>
    <testcase classname="CreditCalculator ‚Ä∫ Margens de Lucro" name="Plano Premium deve ter 40% de margem" time="0.001">
    </testcase>
    <testcase classname="CreditCalculator ‚Ä∫ Limites Di√°rios R√≠gidos" name="Plano B√°sico: 5 automa√ß√µes/dia" time="0">
    </testcase>
    <testcase classname="CreditCalculator ‚Ä∫ Limites Di√°rios R√≠gidos" name="Plano Intermedi√°rio: 15 automa√ß√µes/dia" time="0.001">
    </testcase>
    <testcase classname="CreditCalculator ‚Ä∫ Limites Di√°rios R√≠gidos" name="Plano Premium: 50 automa√ß√µes/dia" time="0.001">
    </testcase>
    <testcase classname="CreditCalculator ‚Ä∫ Limites Di√°rios R√≠gidos" name="Plano Gratuito: sem limite" time="0.001">
    </testcase>
  </testsuite>
</testsuites>