<?xml version="1.0" encoding="UTF-8"?>
<testsuites name="jest tests" tests="25" failures="3" errors="0" time="0.612">
  <testsuite name="AutomationEngine" errors="0" failures="3" skipped="0" timestamp="2026-02-05T14:01:32" time="0.575" tests="25">
    <testcase classname="AutomationEngine › initialization" name="deve inicializar com configurações padrão" time="0.006">
    </testcase>
    <testcase classname="AutomationEngine › initialization" name="deve inicializar componentes" time="0.003">
    </testcase>
    <testcase classname="AutomationEngine › analyzeCommand" name="deve analisar comando simples" time="0.003">
    </testcase>
    <testcase classname="AutomationEngine › analyzeCommand" name="deve detectar tipo de tarefa COMPONENT" time="0.008">
    </testcase>
    <testcase classname="AutomationEngine › analyzeCommand" name="deve detectar tipo de tarefa FUNCTION" time="0.001">
    </testcase>
    <testcase classname="AutomationEngine › analyzeCommand" name="deve detectar tipo de tarefa TEST" time="0.001">
    </testcase>
    <testcase classname="AutomationEngine › analyzeCommand" name="deve detectar tipo de tarefa REFACTOR" time="0.005">
      <failure>Error: expect(received).toBe(expected) // Object.is equality

Expected: &quot;REFACTOR&quot;
Received: &quot;GENERAL&quot;
    at Object.&lt;anonymous&gt; (/home/runner/work/rkmmax-hibrido/rkmmax-hibrido/src/automation/__tests__/AutomationEngine.test.js:97:33)</failure>
    </testcase>
    <testcase classname="AutomationEngine › analyzeCommand" name="deve extrair keywords do comando" time="0.003">
    </testcase>
    <testcase classname="AutomationEngine › generateCode" name="deve gerar código" time="0.016">
    </testcase>
    <testcase classname="AutomationEngine › generateCode" name="arquivo gerado deve ter conteúdo" time="0.003">
    </testcase>
    <testcase classname="AutomationEngine › validateCode" name="deve validar código gerado" time="0.004">
    </testcase>
    <testcase classname="AutomationEngine › validateCode" name="deve rejeitar código perigoso" time="0.003">
      <failure>Error: expect(received).toBe(expected) // Object.is equality

Expected: false
Received: true
    at Object.&lt;anonymous&gt; (/home/runner/work/rkmmax-hibrido/rkmmax-hibrido/src/automation/__tests__/AutomationEngine.test.js:163:34)</failure>
    </testcase>
    <testcase classname="AutomationEngine › executeAutomation" name="deve executar automação completa" time="0.008">
    </testcase>
    <testcase classname="AutomationEngine › executeAutomation" name="deve retornar automationId" time="0.007">
    </testcase>
    <testcase classname="AutomationEngine › executeAutomation" name="deve incluir fases de execução" time="0.006">
    </testcase>
    <testcase classname="AutomationEngine › executeAutomation" name="deve bloquear código perigoso" time="0.006">
      <failure>Error: expect(received).toBe(expected) // Object.is equality

Expected: &quot;BLOCKED&quot;
Received: &quot;SUCCESS&quot;
    at Object.&lt;anonymous&gt; (/home/runner/work/rkmmax-hibrido/rkmmax-hibrido/src/automation/__tests__/AutomationEngine.test.js:239:29)</failure>
    </testcase>
    <testcase classname="AutomationEngine › getAutomationHistory" name="deve retornar histórico de automações" time="0.002">
    </testcase>
    <testcase classname="AutomationEngine › getAutomationStats" name="deve retornar estatísticas" time="0.015">
    </testcase>
    <testcase classname="AutomationEngine › Modo Híbrido" name="deve permitir seleção manual de especialista" time="0.005">
    </testcase>
    <testcase classname="AutomationEngine › Modo Híbrido" name="deve usar especialista selecionado em modo HYBRID" time="0.004">
    </testcase>
    <testcase classname="AutomationEngine › Modo Otimizado" name="deve selecionar especialista automaticamente em OPTIMIZED" time="0.005">
    </testcase>
    <testcase classname="AutomationEngine › Error Handling" name="deve capturar erros durante execução" time="0.011">
    </testcase>
    <testcase classname="AutomationEngine › Error Handling" name="deve incluir mensagem de erro" time="0.004">
    </testcase>
    <testcase classname="AutomationEngine › Logging" name="deve registrar automação iniciada" time="0.005">
    </testcase>
    <testcase classname="AutomationEngine › Logging" name="deve registrar conclusão de automação" time="0.005">
    </testcase>
  </testsuite>
</testsuites>